Using pre-set license
Built from '2022.3/staging' branch; Version is '2022.3.22f1 (887be4894c44) revision 8944612'; Using compiler version '192829333'; Build Type 'Release'
OS: 'Windows 11  (10.0.22631) 64bit Education' Language: 'pl' Physical Memory: 32633 MB
BatchMode: 1, IsHumanControllingUs: 0, StartBugReporterOnCrash: 0, Is64bit: 1, IsPro: 1

COMMAND LINE ARGUMENTS:
C:\Program Files\Unity 2022.3.22f1\Editor\Unity.exe
-adb2
-batchMode
-noUpm
-name
AssetImportWorker0
-projectPath
C:/Users/pkloc/Desktop/TheTavernAudio_blank
-logFile
Logs/AssetImportWorker0.log
-srvPort
58198
Successfully changed project path to: C:/Users/pkloc/Desktop/TheTavernAudio_blank
C:/Users/pkloc/Desktop/TheTavernAudio_blank
[UnityMemory] Configuration Parameters - Can be set up in boot.config
    "memorysetup-bucket-allocator-granularity=16"
    "memorysetup-bucket-allocator-bucket-count=8"
    "memorysetup-bucket-allocator-block-size=33554432"
    "memorysetup-bucket-allocator-block-count=8"
    "memorysetup-main-allocator-block-size=16777216"
    "memorysetup-thread-allocator-block-size=16777216"
    "memorysetup-gfx-main-allocator-block-size=16777216"
    "memorysetup-gfx-thread-allocator-block-size=16777216"
    "memorysetup-cache-allocator-block-size=4194304"
    "memorysetup-typetree-allocator-block-size=2097152"
    "memorysetup-profiler-bucket-allocator-granularity=16"
    "memorysetup-profiler-bucket-allocator-bucket-count=8"
    "memorysetup-profiler-bucket-allocator-block-size=33554432"
    "memorysetup-profiler-bucket-allocator-block-count=8"
    "memorysetup-profiler-allocator-block-size=16777216"
    "memorysetup-profiler-editor-allocator-block-size=1048576"
    "memorysetup-temp-allocator-size-main=16777216"
    "memorysetup-job-temp-allocator-block-size=2097152"
    "memorysetup-job-temp-allocator-block-size-background=1048576"
    "memorysetup-job-temp-allocator-reduction-small-platforms=262144"
    "memorysetup-allocator-temp-initial-block-size-main=262144"
    "memorysetup-allocator-temp-initial-block-size-worker=262144"
    "memorysetup-temp-allocator-size-background-worker=32768"
    "memorysetup-temp-allocator-size-job-worker=262144"
    "memorysetup-temp-allocator-size-preload-manager=33554432"
    "memorysetup-temp-allocator-size-nav-mesh-worker=65536"
    "memorysetup-temp-allocator-size-audio-worker=65536"
    "memorysetup-temp-allocator-size-cloud-worker=32768"
    "memorysetup-temp-allocator-size-gi-baking-worker=262144"
    "memorysetup-temp-allocator-size-gfx=262144"
Player connection [19684] Host "[IP] 172.25.4.30 [Port] 0 [Flags] 2 [Guid] 3535756098 [EditorId] 3535756098 [Version] 1048832 [Id] WindowsEditor(7,CDV-N30104) [Debug] 1 [PackageName] WindowsEditor [ProjectName] Editor" joined multi-casting on [225.0.0.222:54997]...

Player connection [19684] Host "[IP] 172.25.4.30 [Port] 0 [Flags] 2 [Guid] 3535756098 [EditorId] 3535756098 [Version] 1048832 [Id] WindowsEditor(7,CDV-N30104) [Debug] 1 [PackageName] WindowsEditor [ProjectName] Editor" joined alternative multi-casting on [225.0.0.222:34997]...

[Physics::Module] Initialized MultithreadedJobDispatcher with 15 workers.
Refreshing native plugins compatible for Editor in 23.83 ms, found 5 plugins.
Preloading 0 native plugins for Editor in 0.00 ms.
Initialize engine version: 2022.3.22f1 (887be4894c44)
[Subsystems] Discovering subsystems at path C:/Program Files/Unity 2022.3.22f1/Editor/Data/Resources/UnitySubsystems
[Subsystems] Discovering subsystems at path C:/Users/pkloc/Desktop/TheTavernAudio_blank/Assets
GfxDevice: creating device client; threaded=0; jobified=0
Direct3D:
    Version:  Direct3D 11.0 [level 11.1]
    Renderer: NVIDIA GeForce RTX 3080 Ti (ID=0x2208)
    Vendor:   NVIDIA
    VRAM:     12086 MB
    Driver:   32.0.15.6603
Initialize mono
Mono path[0] = 'C:/Program Files/Unity 2022.3.22f1/Editor/Data/Managed'
Mono path[1] = 'C:/Program Files/Unity 2022.3.22f1/Editor/Data/MonoBleedingEdge/lib/mono/unityjit-win32'
Mono config path = 'C:/Program Files/Unity 2022.3.22f1/Editor/Data/MonoBleedingEdge/etc'
Using monoOptions --debugger-agent=transport=dt_socket,embedding=1,server=y,suspend=n,address=127.0.0.1:56928
Begin MonoManager ReloadAssembly
Registering precompiled unity dll's ...
Register platform support module: C:/Program Files/Unity 2022.3.22f1/Editor/Data/PlaybackEngines/WindowsStandaloneSupport/UnityEditor.WindowsStandalone.Extensions.dll
Registered in 0.005117 seconds.
- Loaded All Assemblies, in  0.255 seconds
Native extension for WindowsStandalone target not found
Mono: successfully reloaded assembly
- Finished resetting the current domain, in  0.199 seconds
Domain Reload Profiling: 452ms
	BeginReloadAssembly (76ms)
		ExecutionOrderSort (0ms)
		DisableScriptedObjects (0ms)
		BackupInstance (0ms)
		ReleaseScriptingObjects (0ms)
		CreateAndSetChildDomain (1ms)
	RebuildCommonClasses (24ms)
	RebuildNativeTypeToScriptingClass (7ms)
	initialDomainReloadingComplete (43ms)
	LoadAllAssembliesAndSetupDomain (102ms)
		LoadAssemblies (75ms)
		RebuildTransferFunctionScriptingTraits (0ms)
		AnalyzeDomain (100ms)
			TypeCache.Refresh (99ms)
				TypeCache.ScanAssembly (89ms)
			ScanForSourceGeneratedMonoScriptInfo (0ms)
			ResolveRequiredComponents (0ms)
	FinalizeReload (199ms)
		ReleaseScriptCaches (0ms)
		RebuildScriptCaches (0ms)
		SetupLoadedEditorAssemblies (156ms)
			LogAssemblyErrors (0ms)
			InitializePlatformSupportModulesInManaged (6ms)
			SetLoadedEditorAssemblies (7ms)
			RefreshPlugins (0ms)
			BeforeProcessingInitializeOnLoad (1ms)
			ProcessInitializeOnLoadAttributes (104ms)
			ProcessInitializeOnLoadMethodAttributes (37ms)
			AfterProcessingInitializeOnLoad (0ms)
			EditorAssembliesLoaded (0ms)
		ExecutionOrderSort2 (0ms)
		AwakeInstancesAfterBackupRestoration (0ms)
========================================================================
Worker process is ready to serve import requests
Begin MonoManager ReloadAssembly
- Loaded All Assemblies, in  0.515 seconds
Refreshing native plugins compatible for Editor in 12.66 ms, found 5 plugins.
Native extension for WindowsStandalone target not found
System.Exception: Error! Visual Scripting: couldn't find visual scripting package
  at Unity.VisualScripting.PackageVersionUtility.get_version () [0x00043] in .\Library\PackageCache\com.unity.visualscripting@1.9.2\Editor\VisualScripting.Core\Utilities\PackageVersionUtility.cs:31 
  at Unity.VisualScripting.BoltCoreManifest.get_version () [0x00000] in .\Library\PackageCache\com.unity.visualscripting@1.9.2\Editor\VisualScripting.Core\Plugin\BoltCoreManifest.cs:11 
  at Unity.VisualScripting.PluginManifest.get_currentVersion () [0x00000] in .\Library\PackageCache\com.unity.visualscripting@1.9.2\Editor\VisualScripting.Core\Plugins\PluginManifest.cs:33 
  at Unity.VisualScripting.PluginManifest.get_versionMismatch () [0x00000] in .\Library\PackageCache\com.unity.visualscripting@1.9.2\Editor\VisualScripting.Core\Plugins\PluginManifest.cs:48 
  at Unity.VisualScripting.PluginContainer.Initialize () [0x00525] in .\Library\PackageCache\com.unity.visualscripting@1.9.2\Editor\VisualScripting.Core\Plugins\PluginContainer.cs:208 
  at Unity.VisualScripting.PluginContainer.InitializeOnLoad () [0x00009] in .\Library\PackageCache\com.unity.visualscripting@1.9.2\Editor\VisualScripting.Core\Plugins\PluginContainer.cs:32 
  at Unity.VisualScripting.VSUsageUtility.DoInitializeOnLoadCalls () [0x00034] in .\Library\PackageCache\com.unity.visualscripting@1.9.2\Editor\VisualScripting.Core\Utilities\VSUsageUtility.cs:76 
  at Unity.VisualScripting.VSUsageUtility.set_isVisualScriptingUsed (System.Boolean value) [0x0002c] in .\Library\PackageCache\com.unity.visualscripting@1.9.2\Editor\VisualScripting.Core\Utilities\VSUsageUtility.cs:114 
  at Unity.VisualScripting.VSUsageUtility.CheckAndSetIsVisualScriptingUsed () [0x00032] in .\Library\PackageCache\com.unity.visualscripting@1.9.2\Editor\VisualScripting.Core\Utilities\VSUsageUtility.cs:48 
  at Unity.VisualScripting.VSUsageUtility..cctor () [0x00000] in .\Library\PackageCache\com.unity.visualscripting@1.9.2\Editor\VisualScripting.Core\Utilities\VSUsageUtility.cs:22 
UnityEngine.StackTraceUtility:ExtractStackTrace ()
UnityEngine.DebugLogHandler:LogFormat (UnityEngine.LogType,UnityEngine.Object,string,object[])
UnityEngine.Logger:Log (UnityEngine.LogType,object)
UnityEngine.Debug:LogError (object)
UnityEditor.EditorAssemblies:ProcessInitializeOnLoadAttributes (System.Type[])

Package Manager log level set to [2]
[Package Manager] Server::EnsureServerProcessIsRunning -- launch failed, reason: Unity was launched with the -noUpm command-line argument
[Package Manager] UpmClient::Send -- Unable to send message (not connected to UPM process).
[Package Manager] Cannot connect to Unity Package Manager local server
Mono: successfully reloaded assembly
- Finished resetting the current domain, in  0.770 seconds
Domain Reload Profiling: 1282ms
	BeginReloadAssembly (122ms)
		ExecutionOrderSort (0ms)
		DisableScriptedObjects (4ms)
		BackupInstance (0ms)
		ReleaseScriptingObjects (0ms)
		CreateAndSetChildDomain (17ms)
	RebuildCommonClasses (31ms)
	RebuildNativeTypeToScriptingClass (8ms)
	initialDomainReloadingComplete (35ms)
	LoadAllAssembliesAndSetupDomain (317ms)
		LoadAssemblies (249ms)
		RebuildTransferFunctionScriptingTraits (0ms)
		AnalyzeDomain (141ms)
			TypeCache.Refresh (123ms)
				TypeCache.ScanAssembly (108ms)
			ScanForSourceGeneratedMonoScriptInfo (12ms)
			ResolveRequiredComponents (4ms)
	FinalizeReload (770ms)
		ReleaseScriptCaches (0ms)
		RebuildScriptCaches (0ms)
		SetupLoadedEditorAssemblies (659ms)
			LogAssemblyErrors (0ms)
			InitializePlatformSupportModulesInManaged (4ms)
			SetLoadedEditorAssemblies (4ms)
			RefreshPlugins (0ms)
			BeforeProcessingInitializeOnLoad (53ms)
			ProcessInitializeOnLoadAttributes (577ms)
			ProcessInitializeOnLoadMethodAttributes (15ms)
			AfterProcessingInitializeOnLoad (5ms)
			EditorAssembliesLoaded (0ms)
		ExecutionOrderSort2 (0ms)
		AwakeInstancesAfterBackupRestoration (5ms)
Launched and connected shader compiler UnityShaderCompiler.exe after 0.04 seconds
Refreshing native plugins compatible for Editor in 14.30 ms, found 5 plugins.
Preloading 0 native plugins for Editor in 0.00 ms.
Unloading 3288 Unused Serialized files (Serialized files now loaded: 0)
Unloading 98 unused Assets / (92.4 KB). Loaded Objects now: 3712.
Memory consumption went from 139.5 MB to 139.5 MB.
Total: 11.845300 ms (FindLiveObjects: 0.258700 ms CreateObjectMapping: 0.120800 ms MarkObjects: 11.220800 ms  DeleteObjects: 0.243700 ms)

AssetImportParameters requested are different than current active one (requested -> active):
  custom:container-demuxer-ogg: 62fdf1f143b41e24485cea50d1cbac27 -> 
  custom:video-codec-MediaFoundation-h265: 746d11721c4dcdbdad8f713fa42b33f4 -> 
  custom:video-decoder-ogg-theora: a1e56fd34408186e4bbccfd4996cb3dc -> 
  custom:framework-win-MediaFoundation: 216162199b28c13a410421893ffa2e32 -> 
  custom:CustomObjectIndexerAttribute: 9a22284fe3817be447336de3de66b15e -> 
  custom:container-demuxer-webm: 4f35f7cbe854078d1ac9338744f61a02 -> 
  custom:container-muxer-webm: aa71ff27fc2769a1b78a27578f13a17b -> 
  custom:video-decoder-webm-vp8: 9c59270c3fd7afecdb556c50c9e8de78 -> 
  custom:SearchIndexIgnoredProperties: e643bd26f0fe6173181afceb89e7c659 -> 
  custom:AudioImporter_EditorPlatform: d09bf68614088b80899f8185d706f6e7 -> 
  custom:video-encoder-webm-vp8: eb34c28f22e8b96e1ab97ce403110664 -> 
  custom:audio-decoder-ogg-vorbis: bf7c407c2cedff20999df2af8eb42d56 -> 
  custom:audio-encoder-webm-vorbis: bf7c407c2cedff20999df2af8eb42d56 -> 
========================================================================
Received Import Request.
  Time since last request: 7244.382229 seconds.
  path: Assets/Scripts/Interactor.cs
  artifactKey: Guid(c1bf47592a292644bb2cd64f0b4199ca) Importer(815301076,1909f56bfc062723c751e8b465ee728b)
Start importing Assets/Scripts/Interactor.cs using Guid(c1bf47592a292644bb2cd64f0b4199ca) Importer(815301076,1909f56bfc062723c751e8b465ee728b)  -> (artifact id: '33a80e7db06ebe2aad62fceb6d3c4e12') in 0.002193 seconds
Number of updated asset objects reloaded before import = 0
Number of asset objects unloaded after import = 0
========================================================================
Received Import Request.
  Time since last request: 865.507068 seconds.
  path: Assets/FantasyEnvironments/Environments/Ambient-Occlusion-Trees/Prefabs/Birch_tree1.prefab
  artifactKey: Guid(47356d574ebc3a545bfaef26eb02a2ea) Importer(815301076,1909f56bfc062723c751e8b465ee728b)
Start importing Assets/FantasyEnvironments/Environments/Ambient-Occlusion-Trees/Prefabs/Birch_tree1.prefab using Guid(47356d574ebc3a545bfaef26eb02a2ea) Importer(815301076,1909f56bfc062723c751e8b465ee728b)  -> (artifact id: 'fd03ce7339463643bec63786848ee485') in 0.148074 seconds
Number of updated asset objects reloaded before import = 0
Number of asset objects unloaded after import = 12
========================================================================
Received Import Request.
  Time since last request: 0.000016 seconds.
  path: Assets/FantasyEnvironments/Environments/Town/Prefabs/Furniture_bed.prefab
  artifactKey: Guid(0e6f17b37bae2034c908fee784921b85) Importer(815301076,1909f56bfc062723c751e8b465ee728b)
Start importing Assets/FantasyEnvironments/Environments/Town/Prefabs/Furniture_bed.prefab using Guid(0e6f17b37bae2034c908fee784921b85) Importer(815301076,1909f56bfc062723c751e8b465ee728b)  -> (artifact id: '8d3b3b80fe2d7645167e54a0126be6f5') in 0.021719 seconds
Number of updated asset objects reloaded before import = 0
Number of asset objects unloaded after import = 10
========================================================================
Received Import Request.
  Time since last request: 0.000026 seconds.
  path: Assets/FantasyEnvironments/Environments/Town/Prefabs/House3.prefab
  artifactKey: Guid(f4e6ccfc0f9f2de43b1f6ab60a2e5f44) Importer(815301076,1909f56bfc062723c751e8b465ee728b)
Start importing Assets/FantasyEnvironments/Environments/Town/Prefabs/House3.prefab using Guid(f4e6ccfc0f9f2de43b1f6ab60a2e5f44) Importer(815301076,1909f56bfc062723c751e8b465ee728b)  -> (artifact id: '7be39f068c7a07f5b4df640305bd517c') in 0.036232 seconds
Number of updated asset objects reloaded before import = 0
Number of asset objects unloaded after import = 11
========================================================================
Received Import Request.
  Time since last request: 0.000016 seconds.
  path: Assets/FantasyEnvironments/Environments/Town/Prefabs/Furniture_elixir1.prefab
  artifactKey: Guid(182522b21312ecd49b2a940eb7588df3) Importer(815301076,1909f56bfc062723c751e8b465ee728b)
Start importing Assets/FantasyEnvironments/Environments/Town/Prefabs/Furniture_elixir1.prefab using Guid(182522b21312ecd49b2a940eb7588df3) Importer(815301076,1909f56bfc062723c751e8b465ee728b)  -> (artifact id: 'f434231d6d67a1a9360cc7351d7cf20a') in 0.014282 seconds
Number of updated asset objects reloaded before import = 0
Number of asset objects unloaded after import = 9
========================================================================
Received Import Request.
  Time since last request: 0.000014 seconds.
  path: Assets/FantasyEnvironments/Environments/Town/Prefabs/Food_bread_2.prefab
  artifactKey: Guid(cd6cd1d2b5ec21045a4108c1c595639e) Importer(815301076,1909f56bfc062723c751e8b465ee728b)
Start importing Assets/FantasyEnvironments/Environments/Town/Prefabs/Food_bread_2.prefab using Guid(cd6cd1d2b5ec21045a4108c1c595639e) Importer(815301076,1909f56bfc062723c751e8b465ee728b)  -> (artifact id: '192eafbd0fc2f1b98aab1e4fe35b1e4a') in 0.029473 seconds
Number of updated asset objects reloaded before import = 0
Number of asset objects unloaded after import = 9
========================================================================
Received Import Request.
  Time since last request: 0.000020 seconds.
  path: Assets/FantasyEnvironments/Environments/Ambient-Occlusion-Trees/Prefabs/Deciduous_tree_stump.prefab
  artifactKey: Guid(5a21074ccac8b1e40a90e2b16e16afa4) Importer(815301076,1909f56bfc062723c751e8b465ee728b)
Start importing Assets/FantasyEnvironments/Environments/Ambient-Occlusion-Trees/Prefabs/Deciduous_tree_stump.prefab using Guid(5a21074ccac8b1e40a90e2b16e16afa4) Importer(815301076,1909f56bfc062723c751e8b465ee728b)  -> (artifact id: '9883e596b2c80d6164d79be06266bef0') in 0.020693 seconds
Number of updated asset objects reloaded before import = 0
Number of asset objects unloaded after import = 23
========================================================================
Received Import Request.
  Time since last request: 0.000012 seconds.
  path: Assets/FantasyEnvironments/Environments/Prefabs/Flower1.prefab
  artifactKey: Guid(7358ad30e7ab6be4b8cf21062d019675) Importer(815301076,1909f56bfc062723c751e8b465ee728b)
Start importing Assets/FantasyEnvironments/Environments/Prefabs/Flower1.prefab using Guid(7358ad30e7ab6be4b8cf21062d019675) Importer(815301076,1909f56bfc062723c751e8b465ee728b)  -> (artifact id: 'f73373d9b8a29398bab830f10e31128e') in 0.023463 seconds
Number of updated asset objects reloaded before import = 0
Number of asset objects unloaded after import = 16
========================================================================
Received Import Request.
  Time since last request: 0.000016 seconds.
  path: Assets/FantasyEnvironments/Environments/Town/Prefabs/cart1.prefab
  artifactKey: Guid(02c9d373237917847b636baad496fa95) Importer(815301076,1909f56bfc062723c751e8b465ee728b)
Start importing Assets/FantasyEnvironments/Environments/Town/Prefabs/cart1.prefab using Guid(02c9d373237917847b636baad496fa95) Importer(815301076,1909f56bfc062723c751e8b465ee728b)  -> (artifact id: 'cc06ac819c583f3a620c24072ea5c114') in 0.019684 seconds
Number of updated asset objects reloaded before import = 0
Number of asset objects unloaded after import = 27
========================================================================
Received Import Request.
  Time since last request: 0.000016 seconds.
  path: Assets/FantasyEnvironments/Environments/Town/Prefabs/Furniture_book2.prefab
  artifactKey: Guid(bd5d815d5dbfcbb47b8b9b2d2e647d8a) Importer(815301076,1909f56bfc062723c751e8b465ee728b)
Start importing Assets/FantasyEnvironments/Environments/Town/Prefabs/Furniture_book2.prefab using Guid(bd5d815d5dbfcbb47b8b9b2d2e647d8a) Importer(815301076,1909f56bfc062723c751e8b465ee728b)  -> (artifact id: 'c3a6d006e381b2f01ad456e5248cbe4f') in 0.024107 seconds
Number of updated asset objects reloaded before import = 0
Number of asset objects unloaded after import = 9
========================================================================
Received Import Request.
  Time since last request: 0.000014 seconds.
  path: Assets/FantasyEnvironments/Environments/Prefabs/Mushroom5.prefab
  artifactKey: Guid(8f71c65da202a1548a8734589db5f6fa) Importer(815301076,1909f56bfc062723c751e8b465ee728b)
Start importing Assets/FantasyEnvironments/Environments/Prefabs/Mushroom5.prefab using Guid(8f71c65da202a1548a8734589db5f6fa) Importer(815301076,1909f56bfc062723c751e8b465ee728b)  -> (artifact id: '65bba58dc0ea3c693b65a0510848977f') in 0.013968 seconds
Number of updated asset objects reloaded before import = 0
Number of asset objects unloaded after import = 16
========================================================================
Received Import Request.
  Time since last request: 0.000015 seconds.
  path: Assets/FantasyEnvironments/Environments/Town/Prefabs/Food_cup2.prefab
  artifactKey: Guid(cf5aa841ab867714fbd791609c57376c) Importer(815301076,1909f56bfc062723c751e8b465ee728b)
Start importing Assets/FantasyEnvironments/Environments/Town/Prefabs/Food_cup2.prefab using Guid(cf5aa841ab867714fbd791609c57376c) Importer(815301076,1909f56bfc062723c751e8b465ee728b)  -> (artifact id: '82b5a072de9d37f253320c9e469d64d6') in 0.023993 seconds
Number of updated asset objects reloaded before import = 0
Number of asset objects unloaded after import = 9
========================================================================
Received Import Request.
  Time since last request: 0.000017 seconds.
  path: Assets/FantasyEnvironments/Environments/Ambient-Occlusion-Trees/Prefabs/Pine_tree1.prefab
  artifactKey: Guid(b68302d21e7061f4fb52903649a610f4) Importer(815301076,1909f56bfc062723c751e8b465ee728b)
Start importing Assets/FantasyEnvironments/Environments/Ambient-Occlusion-Trees/Prefabs/Pine_tree1.prefab using Guid(b68302d21e7061f4fb52903649a610f4) Importer(815301076,1909f56bfc062723c751e8b465ee728b)  -> (artifact id: '34fc8533a52223119dddb703b9b6d347') in 0.020240 seconds
Number of updated asset objects reloaded before import = 0
Number of asset objects unloaded after import = 13
========================================================================
Received Import Request.
  Time since last request: 0.000018 seconds.
  path: Assets/FantasyEnvironments/Environments/Town/Prefabs/Food_fish.prefab
  artifactKey: Guid(d668028e8b0f12c498c623a6a33ac362) Importer(815301076,1909f56bfc062723c751e8b465ee728b)
Start importing Assets/FantasyEnvironments/Environments/Town/Prefabs/Food_fish.prefab using Guid(d668028e8b0f12c498c623a6a33ac362) Importer(815301076,1909f56bfc062723c751e8b465ee728b)  -> (artifact id: '159662bedc9ebc09abe0f65a2db88c7c') in 0.027248 seconds
Number of updated asset objects reloaded before import = 0
Number of asset objects unloaded after import = 9
========================================================================
Received Import Request.
  Time since last request: 0.000013 seconds.
  path: Assets/FantasyEnvironments/Environments/Town/Prefabs/cart2.prefab
  artifactKey: Guid(5f535edf9e8d3854795a1f09fcb06c80) Importer(815301076,1909f56bfc062723c751e8b465ee728b)
Start importing Assets/FantasyEnvironments/Environments/Town/Prefabs/cart2.prefab using Guid(5f535edf9e8d3854795a1f09fcb06c80) Importer(815301076,1909f56bfc062723c751e8b465ee728b)  -> (artifact id: '2442d5090941795b1fb8fedbf230774a') in 0.023389 seconds
Number of updated asset objects reloaded before import = 0
Number of asset objects unloaded after import = 23
========================================================================
Received Import Request.
  Time since last request: 0.000014 seconds.
  path: Assets/FantasyEnvironments/Environments/Town/Prefabs/Furniture_cupboard1.prefab
  artifactKey: Guid(b5c3592c56825e9468618db93beb96d7) Importer(815301076,1909f56bfc062723c751e8b465ee728b)
Start importing Assets/FantasyEnvironments/Environments/Town/Prefabs/Furniture_cupboard1.prefab using Guid(b5c3592c56825e9468618db93beb96d7) Importer(815301076,1909f56bfc062723c751e8b465ee728b)  -> (artifact id: '7190676fa6e40361dd67a9cd6e98831c') in 0.008142 seconds
Number of updated asset objects reloaded before import = 0
Number of asset objects unloaded after import = 10
========================================================================
Received Import Request.
  Time since last request: 0.000015 seconds.
  path: Assets/FantasyEnvironments/Environments/Prefabs/Fern2.prefab
  artifactKey: Guid(cfe991abfe1d8a34e90a8b8d50f9a61c) Importer(815301076,1909f56bfc062723c751e8b465ee728b)
Start importing Assets/FantasyEnvironments/Environments/Prefabs/Fern2.prefab using Guid(cfe991abfe1d8a34e90a8b8d50f9a61c) Importer(815301076,1909f56bfc062723c751e8b465ee728b)  -> (artifact id: 'c17e443281ed53491a473ab59e048757') in 0.016375 seconds
Number of updated asset objects reloaded before import = 0
Number of asset objects unloaded after import = 16
========================================================================
Received Import Request.
  Time since last request: 0.000013 seconds.
  path: Assets/FantasyEnvironments/Environments/Ambient-Occlusion-Trees/Prefabs/Pine_stump.prefab
  artifactKey: Guid(ed5f82224b99b30438c4330a2dca3429) Importer(815301076,1909f56bfc062723c751e8b465ee728b)
Start importing Assets/FantasyEnvironments/Environments/Ambient-Occlusion-Trees/Prefabs/Pine_stump.prefab using Guid(ed5f82224b99b30438c4330a2dca3429) Importer(815301076,1909f56bfc062723c751e8b465ee728b)  -> (artifact id: 'b4ae425bbeae8dbf85b19a10598e49f0') in 0.032200 seconds
Number of updated asset objects reloaded before import = 0
Number of asset objects unloaded after import = 26
========================================================================
Received Import Request.
  Time since last request: 0.000014 seconds.
  path: Assets/FantasyEnvironments/Environments/Town/Prefabs/House2.prefab
  artifactKey: Guid(aa91054e6f5bee946ba66c9a32a3a5b9) Importer(815301076,1909f56bfc062723c751e8b465ee728b)
Start importing Assets/FantasyEnvironments/Environments/Town/Prefabs/House2.prefab using Guid(aa91054e6f5bee946ba66c9a32a3a5b9) Importer(815301076,1909f56bfc062723c751e8b465ee728b)  -> (artifact id: '44f4df19e3e557fd4d4c6895add8491b') in 0.009354 seconds
Number of updated asset objects reloaded before import = 0
Number of asset objects unloaded after import = 11
========================================================================
Received Import Request.
  Time since last request: 0.000013 seconds.
  path: Assets/FantasyEnvironments/Environments/Town/Prefabs/Food_cup3.prefab
  artifactKey: Guid(72ee67964857e29498b6717984dd43cd) Importer(815301076,1909f56bfc062723c751e8b465ee728b)
Start importing Assets/FantasyEnvironments/Environments/Town/Prefabs/Food_cup3.prefab using Guid(72ee67964857e29498b6717984dd43cd) Importer(815301076,1909f56bfc062723c751e8b465ee728b)  -> (artifact id: 'fef3b4c2fda8e8562207d267b8a3add5') in 0.007310 seconds
Number of updated asset objects reloaded before import = 0
Number of asset objects unloaded after import = 9
========================================================================
Received Import Request.
  Time since last request: 0.000013 seconds.
  path: Assets/FantasyEnvironments/Environments/Prefabs/Flower3.prefab
  artifactKey: Guid(ad737f18422ef564aa21b23aab39d274) Importer(815301076,1909f56bfc062723c751e8b465ee728b)
Start importing Assets/FantasyEnvironments/Environments/Prefabs/Flower3.prefab using Guid(ad737f18422ef564aa21b23aab39d274) Importer(815301076,1909f56bfc062723c751e8b465ee728b)  -> (artifact id: '1ffd47006562c2526ddbe52ea7c75ce7') in 0.007912 seconds
Number of updated asset objects reloaded before import = 0
Number of asset objects unloaded after import = 16
========================================================================
Received Import Request.
  Time since last request: 0.000013 seconds.
  path: Assets/FantasyEnvironments/Environments/Town/Prefabs/Furniture_chair1.prefab
  artifactKey: Guid(e3a77e5f5c5dbe248a84e83cf53aa7f1) Importer(815301076,1909f56bfc062723c751e8b465ee728b)
Start importing Assets/FantasyEnvironments/Environments/Town/Prefabs/Furniture_chair1.prefab using Guid(e3a77e5f5c5dbe248a84e83cf53aa7f1) Importer(815301076,1909f56bfc062723c751e8b465ee728b)  -> (artifact id: '5408de81fbba7ead3dfea8b74cc6e3f3') in 0.006935 seconds
Number of updated asset objects reloaded before import = 0
Number of asset objects unloaded after import = 10
========================================================================
Received Import Request.
  Time since last request: 0.000024 seconds.
  path: Assets/FantasyEnvironments/Environments/Ambient-Occlusion-Trees/Prefabs/Deciduous_tree4.prefab
  artifactKey: Guid(31503e1a3ea2c3049b62e31c4c6c9397) Importer(815301076,1909f56bfc062723c751e8b465ee728b)
Start importing Assets/FantasyEnvironments/Environments/Ambient-Occlusion-Trees/Prefabs/Deciduous_tree4.prefab using Guid(31503e1a3ea2c3049b62e31c4c6c9397) Importer(815301076,1909f56bfc062723c751e8b465ee728b)  -> (artifact id: 'd727bde24f201203025feff8568b4abd') in 0.010127 seconds
Number of updated asset objects reloaded before import = 0
Number of asset objects unloaded after import = 12
========================================================================
Received Import Request.
  Time since last request: 0.000013 seconds.
  path: Assets/FantasyEnvironments/Environments/Town/Prefabs/cart3.prefab
  artifactKey: Guid(70b6d0c9364cc7a498b08b095cf258ba) Importer(815301076,1909f56bfc062723c751e8b465ee728b)
Start importing Assets/FantasyEnvironments/Environments/Town/Prefabs/cart3.prefab using Guid(70b6d0c9364cc7a498b08b095cf258ba) Importer(815301076,1909f56bfc062723c751e8b465ee728b)  -> (artifact id: 'd256549cf1437df3111a24fbc03cac03') in 0.011463 seconds
Number of updated asset objects reloaded before import = 0
Number of asset objects unloaded after import = 23
========================================================================
Received Import Request.
  Time since last request: 0.000018 seconds.
  path: Assets/FantasyEnvironments/Environments/Town/Prefabs/Food_corn.prefab
  artifactKey: Guid(10506fa9e2a850e4cbd99310b1057c33) Importer(815301076,1909f56bfc062723c751e8b465ee728b)
Start importing Assets/FantasyEnvironments/Environments/Town/Prefabs/Food_corn.prefab using Guid(10506fa9e2a850e4cbd99310b1057c33) Importer(815301076,1909f56bfc062723c751e8b465ee728b)  -> (artifact id: '4620e7ae953f3ac18eda5f676263d37d') in 0.008801 seconds
Number of updated asset objects reloaded before import = 0
Number of asset objects unloaded after import = 9
========================================================================
Received Import Request.
  Time since last request: 0.000020 seconds.
  path: Assets/FantasyEnvironments/Environments/Ambient-Occlusion-Trees/Prefabs/Deciduous_tree1.prefab
  artifactKey: Guid(dc20bf501e8161b40859eb66568d49f6) Importer(815301076,1909f56bfc062723c751e8b465ee728b)
Start importing Assets/FantasyEnvironments/Environments/Ambient-Occlusion-Trees/Prefabs/Deciduous_tree1.prefab using Guid(dc20bf501e8161b40859eb66568d49f6) Importer(815301076,1909f56bfc062723c751e8b465ee728b)  -> (artifact id: '4813bde73ddb7ab31698830e896569d9') in 0.017517 seconds
Number of updated asset objects reloaded before import = 0
Number of asset objects unloaded after import = 12
========================================================================
Received Import Request.
  Time since last request: 0.000019 seconds.
  path: Assets/FantasyEnvironments/Environments/Town/Prefabs/Furniture_cupboard3.prefab
  artifactKey: Guid(0966a25dc3b04884c9c0a833226238e9) Importer(815301076,1909f56bfc062723c751e8b465ee728b)
Start importing Assets/FantasyEnvironments/Environments/Town/Prefabs/Furniture_cupboard3.prefab using Guid(0966a25dc3b04884c9c0a833226238e9) Importer(815301076,1909f56bfc062723c751e8b465ee728b)  -> (artifact id: '58a705e7937476717692069abe9526fe') in 0.012684 seconds
Number of updated asset objects reloaded before import = 0
Number of asset objects unloaded after import = 10
========================================================================
Received Import Request.
  Time since last request: 0.000020 seconds.
  path: Assets/FantasyEnvironments/Environments/Prefabs/Grass4.prefab
  artifactKey: Guid(c00784b589bee494b831054cc54dbf7b) Importer(815301076,1909f56bfc062723c751e8b465ee728b)
Start importing Assets/FantasyEnvironments/Environments/Prefabs/Grass4.prefab using Guid(c00784b589bee494b831054cc54dbf7b) Importer(815301076,1909f56bfc062723c751e8b465ee728b)  -> (artifact id: '60c691e7624fe49cc9f24901c0d0c939') in 0.012964 seconds
Number of updated asset objects reloaded before import = 0
Number of asset objects unloaded after import = 16
========================================================================
Received Import Request.
  Time since last request: 0.000042 seconds.
  path: Assets/FantasyEnvironments/Environments/Town/Prefabs/Furniture_book3.prefab
  artifactKey: Guid(913e4b9b1dc083f40be1c6a744bec764) Importer(815301076,1909f56bfc062723c751e8b465ee728b)
Start importing Assets/FantasyEnvironments/Environments/Town/Prefabs/Furniture_book3.prefab using Guid(913e4b9b1dc083f40be1c6a744bec764) Importer(815301076,1909f56bfc062723c751e8b465ee728b)  -> (artifact id: 'bcef9c945e1d62975c29692a18d0f889') in 0.010295 seconds
Number of updated asset objects reloaded before import = 0
Number of asset objects unloaded after import = 9
========================================================================
Received Import Request.
  Time since last request: 0.000039 seconds.
  path: Assets/FantasyEnvironments/Environments/Town/Prefabs/Food_bowler1.prefab
  artifactKey: Guid(670d3848d1d5d804b89f6cb7e02d3856) Importer(815301076,1909f56bfc062723c751e8b465ee728b)
Start importing Assets/FantasyEnvironments/Environments/Town/Prefabs/Food_bowler1.prefab using Guid(670d3848d1d5d804b89f6cb7e02d3856) Importer(815301076,1909f56bfc062723c751e8b465ee728b)  -> (artifact id: '7a0cd469ca87f0d314b939e583f2fa29') in 0.010542 seconds
Number of updated asset objects reloaded before import = 0
Number of asset objects unloaded after import = 9
========================================================================
Received Import Request.
  Time since last request: 0.000019 seconds.
  path: Assets/FantasyEnvironments/Environments/Town/Prefabs/Food_knife.prefab
  artifactKey: Guid(9ae953e135d2a854cb0876021c321548) Importer(815301076,1909f56bfc062723c751e8b465ee728b)
Start importing Assets/FantasyEnvironments/Environments/Town/Prefabs/Food_knife.prefab using Guid(9ae953e135d2a854cb0876021c321548) Importer(815301076,1909f56bfc062723c751e8b465ee728b)  -> (artifact id: '41174778a6a2302e84f489ec3c382099') in 0.010858 seconds
Number of updated asset objects reloaded before import = 0
Number of asset objects unloaded after import = 9
========================================================================
Received Import Request.
  Time since last request: 0.000033 seconds.
  path: Assets/FantasyEnvironments/Environments/Prefabs/Mushroom4.prefab
  artifactKey: Guid(f8b92e99d9eca054e95b618e5ed82ea9) Importer(815301076,1909f56bfc062723c751e8b465ee728b)
Start importing Assets/FantasyEnvironments/Environments/Prefabs/Mushroom4.prefab using Guid(f8b92e99d9eca054e95b618e5ed82ea9) Importer(815301076,1909f56bfc062723c751e8b465ee728b)  -> (artifact id: '2261211291ce758225412a8671ec5778') in 0.010799 seconds
Number of updated asset objects reloaded before import = 0
Number of asset objects unloaded after import = 16
========================================================================
Received Import Request.
  Time since last request: 0.000021 seconds.
  path: Assets/FantasyEnvironments/Environments/Prefabs/Grass3.prefab
  artifactKey: Guid(ea784f90c6a294d4c943e54ce9184fb2) Importer(815301076,1909f56bfc062723c751e8b465ee728b)
Start importing Assets/FantasyEnvironments/Environments/Prefabs/Grass3.prefab using Guid(ea784f90c6a294d4c943e54ce9184fb2) Importer(815301076,1909f56bfc062723c751e8b465ee728b)  -> (artifact id: 'cc44347ec8eabcd4f50b658af70e42c0') in 0.010941 seconds
Number of updated asset objects reloaded before import = 0
Number of asset objects unloaded after import = 16
========================================================================
Received Import Request.
  Time since last request: 0.000016 seconds.
  path: Assets/FantasyEnvironments/Environments/Ambient-Occlusion-Trees/Prefabs/Oak_tree2.prefab
  artifactKey: Guid(97c810fbbe2577a45863f4be151b599b) Importer(815301076,1909f56bfc062723c751e8b465ee728b)
Start importing Assets/FantasyEnvironments/Environments/Ambient-Occlusion-Trees/Prefabs/Oak_tree2.prefab using Guid(97c810fbbe2577a45863f4be151b599b) Importer(815301076,1909f56bfc062723c751e8b465ee728b)  -> (artifact id: 'f4c1ea9a303c76d82a63c7e2a1171e3f') in 0.013212 seconds
Number of updated asset objects reloaded before import = 0
Number of asset objects unloaded after import = 12
========================================================================
Received Import Request.
  Time since last request: 0.000018 seconds.
  path: Assets/FantasyEnvironments/Environments/Ambient-Occlusion-Trees/Prefabs/Deciduous_tree2.prefab
  artifactKey: Guid(fb24df3494aa71744879dafcedcc0b86) Importer(815301076,1909f56bfc062723c751e8b465ee728b)
Start importing Assets/FantasyEnvironments/Environments/Ambient-Occlusion-Trees/Prefabs/Deciduous_tree2.prefab using Guid(fb24df3494aa71744879dafcedcc0b86) Importer(815301076,1909f56bfc062723c751e8b465ee728b)  -> (artifact id: 'dd8f7be1ade4cd4044ed040bb05e88e1') in 0.011544 seconds
Number of updated asset objects reloaded before import = 0
Number of asset objects unloaded after import = 12
========================================================================
Received Import Request.
  Time since last request: 0.000022 seconds.
  path: Assets/FantasyEnvironments/Environments/Prefabs/Plant4.prefab
  artifactKey: Guid(5bc68b98108d78a418afb40cc75e2a81) Importer(815301076,1909f56bfc062723c751e8b465ee728b)
Start importing Assets/FantasyEnvironments/Environments/Prefabs/Plant4.prefab using Guid(5bc68b98108d78a418afb40cc75e2a81) Importer(815301076,1909f56bfc062723c751e8b465ee728b)  -> (artifact id: '24c965c28ca429702d9234afebf7cd6d') in 0.010113 seconds
Number of updated asset objects reloaded before import = 0
Number of asset objects unloaded after import = 16
========================================================================
Received Import Request.
  Time since last request: 0.000016 seconds.
  path: Assets/FantasyEnvironments/Environments/Town/Prefabs/Food_bottle2.prefab
  artifactKey: Guid(b75b3cb7eaba7754b829ddd2b23b2f78) Importer(815301076,1909f56bfc062723c751e8b465ee728b)
Start importing Assets/FantasyEnvironments/Environments/Town/Prefabs/Food_bottle2.prefab using Guid(b75b3cb7eaba7754b829ddd2b23b2f78) Importer(815301076,1909f56bfc062723c751e8b465ee728b)  -> (artifact id: '1063db49613fa0247e1016b7fbcb4b9a') in 0.009494 seconds
Number of updated asset objects reloaded before import = 0
Number of asset objects unloaded after import = 9
========================================================================
Received Import Request.
  Time since last request: 0.000016 seconds.
  path: Assets/FantasyEnvironments/Environments/Prefabs/Flower5.prefab
  artifactKey: Guid(cd03a41894dab5e49abe8481b9a4a630) Importer(815301076,1909f56bfc062723c751e8b465ee728b)
Start importing Assets/FantasyEnvironments/Environments/Prefabs/Flower5.prefab using Guid(cd03a41894dab5e49abe8481b9a4a630) Importer(815301076,1909f56bfc062723c751e8b465ee728b)  -> (artifact id: '008312cc3012594432d2f77bd07b766f') in 0.011815 seconds
Number of updated asset objects reloaded before import = 0
Number of asset objects unloaded after import = 16
========================================================================
Received Import Request.
  Time since last request: 0.000030 seconds.
  path: Assets/FantasyEnvironments/Environments/Town/Prefabs/House1.prefab
  artifactKey: Guid(4a3b66b5f6d4c2c41a5d98c834f9bf8a) Importer(815301076,1909f56bfc062723c751e8b465ee728b)
Start importing Assets/FantasyEnvironments/Environments/Town/Prefabs/House1.prefab using Guid(4a3b66b5f6d4c2c41a5d98c834f9bf8a) Importer(815301076,1909f56bfc062723c751e8b465ee728b)  -> (artifact id: '84fb40c62ef8205530fd1b9718e14df1') in 0.012455 seconds
Number of updated asset objects reloaded before import = 0
Number of asset objects unloaded after import = 11
========================================================================
Received Import Request.
  Time since last request: 0.000018 seconds.
  path: Assets/FantasyEnvironments/Environments/Town/Prefabs/Food_bottle1.prefab
  artifactKey: Guid(12f375000a68b4649bb3d3d8189e199e) Importer(815301076,1909f56bfc062723c751e8b465ee728b)
Start importing Assets/FantasyEnvironments/Environments/Town/Prefabs/Food_bottle1.prefab using Guid(12f375000a68b4649bb3d3d8189e199e) Importer(815301076,1909f56bfc062723c751e8b465ee728b)  -> (artifact id: '9f767c455d7e5adfa85495d4632599b5') in 0.010662 seconds
Number of updated asset objects reloaded before import = 0
Number of asset objects unloaded after import = 9
========================================================================
Received Import Request.
  Time since last request: 0.000022 seconds.
  path: Assets/FantasyEnvironments/FX/FX_CandleFlame.prefab
  artifactKey: Guid(a5bf753841ac8904c95828458f1242c5) Importer(815301076,1909f56bfc062723c751e8b465ee728b)
Start importing Assets/FantasyEnvironments/FX/FX_CandleFlame.prefab using Guid(a5bf753841ac8904c95828458f1242c5) Importer(815301076,1909f56bfc062723c751e8b465ee728b)  -> (artifact id: '79b3e0aef979aa2ba288a8ccb21b7b41') in 0.011828 seconds
Number of updated asset objects reloaded before import = 0
Number of asset objects unloaded after import = 8
========================================================================
Received Import Request.
  Time since last request: 0.000032 seconds.
  path: Assets/FantasyEnvironments/Environments/Prefabs/Grass1.prefab
  artifactKey: Guid(91d8d8ad5c541394c80f7cc7e1fd253b) Importer(815301076,1909f56bfc062723c751e8b465ee728b)
Start importing Assets/FantasyEnvironments/Environments/Prefabs/Grass1.prefab using Guid(91d8d8ad5c541394c80f7cc7e1fd253b) Importer(815301076,1909f56bfc062723c751e8b465ee728b)  -> (artifact id: 'e6f07efc5d455342e525d70e7d6a2e95') in 0.013013 seconds
Number of updated asset objects reloaded before import = 0
Number of asset objects unloaded after import = 16
========================================================================
Received Import Request.
  Time since last request: 0.000018 seconds.
  path: Assets/FantasyEnvironments/Environments/Prefabs/Flower4.prefab
  artifactKey: Guid(6f67d1c79c9b196459c5de7ea6ce6077) Importer(815301076,1909f56bfc062723c751e8b465ee728b)
Start importing Assets/FantasyEnvironments/Environments/Prefabs/Flower4.prefab using Guid(6f67d1c79c9b196459c5de7ea6ce6077) Importer(815301076,1909f56bfc062723c751e8b465ee728b)  -> (artifact id: 'ff125639d40504f44282ccfe17bf72d5') in 0.011488 seconds
Number of updated asset objects reloaded before import = 0
Number of asset objects unloaded after import = 16
========================================================================
Received Import Request.
  Time since last request: 0.000025 seconds.
  path: Assets/FantasyEnvironments/Environments/Prefabs/Mushroom1.prefab
  artifactKey: Guid(33610b12665a8ba4ba227a51bf5ff3c2) Importer(815301076,1909f56bfc062723c751e8b465ee728b)
Start importing Assets/FantasyEnvironments/Environments/Prefabs/Mushroom1.prefab using Guid(33610b12665a8ba4ba227a51bf5ff3c2) Importer(815301076,1909f56bfc062723c751e8b465ee728b)  -> (artifact id: '47fd41e4420517d6e9855210fa988ec9') in 0.012156 seconds
Number of updated asset objects reloaded before import = 0
Number of asset objects unloaded after import = 16
========================================================================
Received Import Request.
  Time since last request: 0.000017 seconds.
  path: Assets/FantasyEnvironments/Environments/Prefabs/Bush1.prefab
  artifactKey: Guid(e6ee60cd48ca7fa478e3065e30330864) Importer(815301076,1909f56bfc062723c751e8b465ee728b)
Start importing Assets/FantasyEnvironments/Environments/Prefabs/Bush1.prefab using Guid(e6ee60cd48ca7fa478e3065e30330864) Importer(815301076,1909f56bfc062723c751e8b465ee728b)  -> (artifact id: '447b2ef4ffaacd55bd0aa57e0feca4ac') in 0.010055 seconds
Number of updated asset objects reloaded before import = 0
Number of asset objects unloaded after import = 16
========================================================================
Received Import Request.
  Time since last request: 0.000017 seconds.
  path: Assets/FantasyEnvironments/Environments/Prefabs/Plant2.prefab
  artifactKey: Guid(eb2e3b1d2f96f724e97c8d931ec0d6fc) Importer(815301076,1909f56bfc062723c751e8b465ee728b)
Start importing Assets/FantasyEnvironments/Environments/Prefabs/Plant2.prefab using Guid(eb2e3b1d2f96f724e97c8d931ec0d6fc) Importer(815301076,1909f56bfc062723c751e8b465ee728b)  -> (artifact id: '9240ab9347a7411893643bffcb7f7237') in 0.010097 seconds
Number of updated asset objects reloaded before import = 0
Number of asset objects unloaded after import = 16
========================================================================
Received Import Request.
  Time since last request: 0.000027 seconds.
  path: Assets/FantasyEnvironments/Environments/Prefabs/Rye.prefab
  artifactKey: Guid(18b3653ff6ace964c9b8347669591485) Importer(815301076,1909f56bfc062723c751e8b465ee728b)
Start importing Assets/FantasyEnvironments/Environments/Prefabs/Rye.prefab using Guid(18b3653ff6ace964c9b8347669591485) Importer(815301076,1909f56bfc062723c751e8b465ee728b)  -> (artifact id: '9242252f82a405c7c67716115e436ee2') in 0.010998 seconds
Number of updated asset objects reloaded before import = 0
Number of asset objects unloaded after import = 16
========================================================================
Received Import Request.
  Time since last request: 0.000015 seconds.
  path: Assets/FantasyEnvironments/Environments/Town/Prefabs/Food_bread_1.prefab
  artifactKey: Guid(99bf85d404a04ee459c668786c801529) Importer(815301076,1909f56bfc062723c751e8b465ee728b)
Start importing Assets/FantasyEnvironments/Environments/Town/Prefabs/Food_bread_1.prefab using Guid(99bf85d404a04ee459c668786c801529) Importer(815301076,1909f56bfc062723c751e8b465ee728b)  -> (artifact id: 'f9a797ff92a2bb3f54cacc1af2f19fdf') in 0.011226 seconds
Number of updated asset objects reloaded before import = 0
Number of asset objects unloaded after import = 9
========================================================================
Received Import Request.
  Time since last request: 0.000014 seconds.
  path: Assets/FantasyEnvironments/Environments/Town/Prefabs/Food_bottle6.prefab
  artifactKey: Guid(b6bdc8350ca1cf24f9b7e651e790e08b) Importer(815301076,1909f56bfc062723c751e8b465ee728b)
Start importing Assets/FantasyEnvironments/Environments/Town/Prefabs/Food_bottle6.prefab using Guid(b6bdc8350ca1cf24f9b7e651e790e08b) Importer(815301076,1909f56bfc062723c751e8b465ee728b)  -> (artifact id: '6a92acf7999266d095ed4d7bb56a889c') in 0.009473 seconds
Number of updated asset objects reloaded before import = 0
Number of asset objects unloaded after import = 9
========================================================================
Received Import Request.
  Time since last request: 0.000020 seconds.
  path: Assets/FantasyEnvironments/Environments/Town/Prefabs/Furniture_book1.prefab
  artifactKey: Guid(2de94728c9689364d8cb8f0d515319c9) Importer(815301076,1909f56bfc062723c751e8b465ee728b)
Start importing Assets/FantasyEnvironments/Environments/Town/Prefabs/Furniture_book1.prefab using Guid(2de94728c9689364d8cb8f0d515319c9) Importer(815301076,1909f56bfc062723c751e8b465ee728b)  -> (artifact id: 'e8ff2278f6495ab33b794ecfaa013a28') in 0.009879 seconds
Number of updated asset objects reloaded before import = 0
Number of asset objects unloaded after import = 9
========================================================================
Received Import Request.
  Time since last request: 0.000013 seconds.
  path: Assets/FantasyEnvironments/Environments/Ambient-Occlusion-Trees/Prefabs/Pine_tree2.prefab
  artifactKey: Guid(f86a19e11c6b9734ba52832ec45ee16f) Importer(815301076,1909f56bfc062723c751e8b465ee728b)
Start importing Assets/FantasyEnvironments/Environments/Ambient-Occlusion-Trees/Prefabs/Pine_tree2.prefab using Guid(f86a19e11c6b9734ba52832ec45ee16f) Importer(815301076,1909f56bfc062723c751e8b465ee728b)  -> (artifact id: '049fb755bfdd1e53d4df9f8ec8f5ef2d') in 0.009631 seconds
Number of updated asset objects reloaded before import = 0
Number of asset objects unloaded after import = 12
========================================================================
Received Import Request.
  Time since last request: 0.544202 seconds.
  path: Assets/Audio_samples/Adventures of a Bard.wav
  artifactKey: Guid(0d14b9dfc5e788f46a5d36e2bd416977) Importer(815301076,1909f56bfc062723c751e8b465ee728b)
Start importing Assets/Audio_samples/Adventures of a Bard.wav using Guid(0d14b9dfc5e788f46a5d36e2bd416977) Importer(815301076,1909f56bfc062723c751e8b465ee728b)  -> (artifact id: '0ea23fdfa2763d53e736ae3ac05f7d21') in 0.021285 seconds
Number of updated asset objects reloaded before import = 0
Number of asset objects unloaded after import = 2
========================================================================
Received Import Request.
  Time since last request: 0.000020 seconds.
  path: Assets/Audio_samples/Forest Woodland Loop 2.wav
  artifactKey: Guid(42d82020603fb4c4c94365d74b53578d) Importer(815301076,1909f56bfc062723c751e8b465ee728b)
Start importing Assets/Audio_samples/Forest Woodland Loop 2.wav using Guid(42d82020603fb4c4c94365d74b53578d) Importer(815301076,1909f56bfc062723c751e8b465ee728b)  -> (artifact id: '1d4a0c86af34f6d78da8ac70d3828e27') in 0.005719 seconds
Number of updated asset objects reloaded before import = 0
Number of asset objects unloaded after import = 2
========================================================================
Received Import Request.
  Time since last request: 0.000022 seconds.
  path: Assets/Audio_samples/Easy Going Medieval Tavern - Loop.wav
  artifactKey: Guid(8b368de96e39f46479c1f4a2cfd68336) Importer(815301076,1909f56bfc062723c751e8b465ee728b)
Start importing Assets/Audio_samples/Easy Going Medieval Tavern - Loop.wav using Guid(8b368de96e39f46479c1f4a2cfd68336) Importer(815301076,1909f56bfc062723c751e8b465ee728b)  -> (artifact id: 'e41872e3f60d1336a263d0524c34173a') in 0.005091 seconds
Number of updated asset objects reloaded before import = 0
Number of asset objects unloaded after import = 2
========================================================================
Received Import Request.
  Time since last request: 0.000039 seconds.
  path: Assets/Audio_samples/Fire Burning Loop 04.wav
  artifactKey: Guid(f5f2bcc7fb78f814392e11a00f1dcbd5) Importer(815301076,1909f56bfc062723c751e8b465ee728b)
Start importing Assets/Audio_samples/Fire Burning Loop 04.wav using Guid(f5f2bcc7fb78f814392e11a00f1dcbd5) Importer(815301076,1909f56bfc062723c751e8b465ee728b)  -> (artifact id: '43b885d2408823ebd77ed4aae3b9005b') in 0.005420 seconds
Number of updated asset objects reloaded before import = 0
Number of asset objects unloaded after import = 2
========================================================================
Received Import Request.
  Time since last request: 0.000013 seconds.
  path: Assets/Audio_samples/Door Open 1.wav
  artifactKey: Guid(a02b3efed34cb2d42a2edb749a3fb199) Importer(815301076,1909f56bfc062723c751e8b465ee728b)
Start importing Assets/Audio_samples/Door Open 1.wav using Guid(a02b3efed34cb2d42a2edb749a3fb199) Importer(815301076,1909f56bfc062723c751e8b465ee728b)  -> (artifact id: '661a5525e4baf9253ff7abf3d41be451') in 0.004965 seconds
Number of updated asset objects reloaded before import = 0
Number of asset objects unloaded after import = 2
========================================================================
Received Import Request.
  Time since last request: 0.000028 seconds.
  path: Assets/Audio_samples/Bed_3.wav
  artifactKey: Guid(deea9403871a64d48a2529dc10859b01) Importer(815301076,1909f56bfc062723c751e8b465ee728b)
Start importing Assets/Audio_samples/Bed_3.wav using Guid(deea9403871a64d48a2529dc10859b01) Importer(815301076,1909f56bfc062723c751e8b465ee728b)  -> (artifact id: 'fe5ca609716e9032af2238fc6326b7a0') in 0.005512 seconds
Number of updated asset objects reloaded before import = 0
Number of asset objects unloaded after import = 2
========================================================================
Received Import Request.
  Time since last request: 603.531039 seconds.
  path: Assets/Scripts/Fireplace_playback_new.cs
  artifactKey: Guid(d12685521cbde63469b89704b18934e3) Importer(815301076,1909f56bfc062723c751e8b465ee728b)
Start importing Assets/Scripts/Fireplace_playback_new.cs using Guid(d12685521cbde63469b89704b18934e3) Importer(815301076,1909f56bfc062723c751e8b465ee728b)  -> (artifact id: '5ace7c7fd618ef7cce4546a58479cacb') in 0.000666 seconds
Number of updated asset objects reloaded before import = 0
Number of asset objects unloaded after import = 0
========================================================================
Received Import Request.
  Time since last request: 0.737223 seconds.
  path: Assets/Scripts/FMOD_Commands.cs
  artifactKey: Guid(5c6e41cfaf5372a4e8fe4152c6d04198) Importer(815301076,1909f56bfc062723c751e8b465ee728b)
Start importing Assets/Scripts/FMOD_Commands.cs using Guid(5c6e41cfaf5372a4e8fe4152c6d04198) Importer(815301076,1909f56bfc062723c751e8b465ee728b)  -> (artifact id: 'fca105ebf5b0f5a09c94098e0e6bb776') in 0.000407 seconds
Number of updated asset objects reloaded before import = 0
Number of asset objects unloaded after import = 0
========================================================================
Received Import Request.
  Time since last request: 43.774158 seconds.
  path: Assets/Scripts/Rooms_new.cs
  artifactKey: Guid(c4e57ce426851604da657da7c7f284bd) Importer(815301076,1909f56bfc062723c751e8b465ee728b)
Start importing Assets/Scripts/Rooms_new.cs using Guid(c4e57ce426851604da657da7c7f284bd) Importer(815301076,1909f56bfc062723c751e8b465ee728b)  -> (artifact id: '46bc6cf94a1bf85cf66019477d283e22') in 0.000447 seconds
Number of updated asset objects reloaded before import = 0
Number of asset objects unloaded after import = 0
