Using pre-set license
Built from '2022.3/staging' branch; Version is '2022.3.22f1 (887be4894c44) revision 8944612'; Using compiler version '192829333'; Build Type 'Release'
OS: 'Windows 11  (10.0.22631) 64bit Education' Language: 'pl' Physical Memory: 32633 MB
BatchMode: 1, IsHumanControllingUs: 0, StartBugReporterOnCrash: 0, Is64bit: 1, IsPro: 1

COMMAND LINE ARGUMENTS:
C:\Program Files\Unity 2022.3.22f1\Editor\Unity.exe
-adb2
-batchMode
-noUpm
-name
AssetImportWorker1
-projectPath
C:/Users/pkloc/Desktop/TheTavernAudio_blank
-logFile
Logs/AssetImportWorker1.log
-srvPort
58198
Successfully changed project path to: C:/Users/pkloc/Desktop/TheTavernAudio_blank
C:/Users/pkloc/Desktop/TheTavernAudio_blank
[UnityMemory] Configuration Parameters - Can be set up in boot.config
    "memorysetup-bucket-allocator-granularity=16"
    "memorysetup-bucket-allocator-bucket-count=8"
    "memorysetup-bucket-allocator-block-size=33554432"
    "memorysetup-bucket-allocator-block-count=8"
    "memorysetup-main-allocator-block-size=16777216"
    "memorysetup-thread-allocator-block-size=16777216"
    "memorysetup-gfx-main-allocator-block-size=16777216"
    "memorysetup-gfx-thread-allocator-block-size=16777216"
    "memorysetup-cache-allocator-block-size=4194304"
    "memorysetup-typetree-allocator-block-size=2097152"
    "memorysetup-profiler-bucket-allocator-granularity=16"
    "memorysetup-profiler-bucket-allocator-bucket-count=8"
    "memorysetup-profiler-bucket-allocator-block-size=33554432"
    "memorysetup-profiler-bucket-allocator-block-count=8"
    "memorysetup-profiler-allocator-block-size=16777216"
    "memorysetup-profiler-editor-allocator-block-size=1048576"
    "memorysetup-temp-allocator-size-main=16777216"
    "memorysetup-job-temp-allocator-block-size=2097152"
    "memorysetup-job-temp-allocator-block-size-background=1048576"
    "memorysetup-job-temp-allocator-reduction-small-platforms=262144"
    "memorysetup-allocator-temp-initial-block-size-main=262144"
    "memorysetup-allocator-temp-initial-block-size-worker=262144"
    "memorysetup-temp-allocator-size-background-worker=32768"
    "memorysetup-temp-allocator-size-job-worker=262144"
    "memorysetup-temp-allocator-size-preload-manager=33554432"
    "memorysetup-temp-allocator-size-nav-mesh-worker=65536"
    "memorysetup-temp-allocator-size-audio-worker=65536"
    "memorysetup-temp-allocator-size-cloud-worker=32768"
    "memorysetup-temp-allocator-size-gi-baking-worker=262144"
    "memorysetup-temp-allocator-size-gfx=262144"
Player connection [17016] Host "[IP] 172.25.4.30 [Port] 0 [Flags] 2 [Guid] 3181842672 [EditorId] 3181842672 [Version] 1048832 [Id] WindowsEditor(7,CDV-N30104) [Debug] 1 [PackageName] WindowsEditor [ProjectName] Editor" joined multi-casting on [225.0.0.222:54997]...

Player connection [17016] Host "[IP] 172.25.4.30 [Port] 0 [Flags] 2 [Guid] 3181842672 [EditorId] 3181842672 [Version] 1048832 [Id] WindowsEditor(7,CDV-N30104) [Debug] 1 [PackageName] WindowsEditor [ProjectName] Editor" joined alternative multi-casting on [225.0.0.222:34997]...

[Physics::Module] Initialized MultithreadedJobDispatcher with 15 workers.
Refreshing native plugins compatible for Editor in 18.03 ms, found 5 plugins.
Preloading 0 native plugins for Editor in 0.00 ms.
Initialize engine version: 2022.3.22f1 (887be4894c44)
[Subsystems] Discovering subsystems at path C:/Program Files/Unity 2022.3.22f1/Editor/Data/Resources/UnitySubsystems
[Subsystems] Discovering subsystems at path C:/Users/pkloc/Desktop/TheTavernAudio_blank/Assets
GfxDevice: creating device client; threaded=0; jobified=0
Direct3D:
    Version:  Direct3D 11.0 [level 11.1]
    Renderer: NVIDIA GeForce RTX 3080 Ti (ID=0x2208)
    Vendor:   NVIDIA
    VRAM:     12086 MB
    Driver:   32.0.15.6603
Initialize mono
Mono path[0] = 'C:/Program Files/Unity 2022.3.22f1/Editor/Data/Managed'
Mono path[1] = 'C:/Program Files/Unity 2022.3.22f1/Editor/Data/MonoBleedingEdge/lib/mono/unityjit-win32'
Mono config path = 'C:/Program Files/Unity 2022.3.22f1/Editor/Data/MonoBleedingEdge/etc'
Using monoOptions --debugger-agent=transport=dt_socket,embedding=1,server=y,suspend=n,address=127.0.0.1:56124
Begin MonoManager ReloadAssembly
Registering precompiled unity dll's ...
Register platform support module: C:/Program Files/Unity 2022.3.22f1/Editor/Data/PlaybackEngines/WindowsStandaloneSupport/UnityEditor.WindowsStandalone.Extensions.dll
Registered in 0.004693 seconds.
- Loaded All Assemblies, in  0.259 seconds
Native extension for WindowsStandalone target not found
Mono: successfully reloaded assembly
- Finished resetting the current domain, in  0.198 seconds
Domain Reload Profiling: 455ms
	BeginReloadAssembly (80ms)
		ExecutionOrderSort (0ms)
		DisableScriptedObjects (0ms)
		BackupInstance (0ms)
		ReleaseScriptingObjects (0ms)
		CreateAndSetChildDomain (1ms)
	RebuildCommonClasses (25ms)
	RebuildNativeTypeToScriptingClass (7ms)
	initialDomainReloadingComplete (43ms)
	LoadAllAssembliesAndSetupDomain (102ms)
		LoadAssemblies (78ms)
		RebuildTransferFunctionScriptingTraits (0ms)
		AnalyzeDomain (100ms)
			TypeCache.Refresh (99ms)
				TypeCache.ScanAssembly (89ms)
			ScanForSourceGeneratedMonoScriptInfo (0ms)
			ResolveRequiredComponents (0ms)
	FinalizeReload (199ms)
		ReleaseScriptCaches (0ms)
		RebuildScriptCaches (0ms)
		SetupLoadedEditorAssemblies (156ms)
			LogAssemblyErrors (0ms)
			InitializePlatformSupportModulesInManaged (6ms)
			SetLoadedEditorAssemblies (6ms)
			RefreshPlugins (0ms)
			BeforeProcessingInitializeOnLoad (2ms)
			ProcessInitializeOnLoadAttributes (105ms)
			ProcessInitializeOnLoadMethodAttributes (38ms)
			AfterProcessingInitializeOnLoad (0ms)
			EditorAssembliesLoaded (0ms)
		ExecutionOrderSort2 (0ms)
		AwakeInstancesAfterBackupRestoration (0ms)
========================================================================
Worker process is ready to serve import requests
Begin MonoManager ReloadAssembly
- Loaded All Assemblies, in  0.510 seconds
Refreshing native plugins compatible for Editor in 15.54 ms, found 5 plugins.
Native extension for WindowsStandalone target not found
System.Exception: Error! Visual Scripting: couldn't find visual scripting package
  at Unity.VisualScripting.PackageVersionUtility.get_version () [0x00043] in .\Library\PackageCache\com.unity.visualscripting@1.9.2\Editor\VisualScripting.Core\Utilities\PackageVersionUtility.cs:31 
  at Unity.VisualScripting.BoltCoreManifest.get_version () [0x00000] in .\Library\PackageCache\com.unity.visualscripting@1.9.2\Editor\VisualScripting.Core\Plugin\BoltCoreManifest.cs:11 
  at Unity.VisualScripting.PluginManifest.get_currentVersion () [0x00000] in .\Library\PackageCache\com.unity.visualscripting@1.9.2\Editor\VisualScripting.Core\Plugins\PluginManifest.cs:33 
  at Unity.VisualScripting.PluginManifest.get_versionMismatch () [0x00000] in .\Library\PackageCache\com.unity.visualscripting@1.9.2\Editor\VisualScripting.Core\Plugins\PluginManifest.cs:48 
  at Unity.VisualScripting.PluginContainer.Initialize () [0x00525] in .\Library\PackageCache\com.unity.visualscripting@1.9.2\Editor\VisualScripting.Core\Plugins\PluginContainer.cs:208 
  at Unity.VisualScripting.PluginContainer.InitializeOnLoad () [0x00009] in .\Library\PackageCache\com.unity.visualscripting@1.9.2\Editor\VisualScripting.Core\Plugins\PluginContainer.cs:32 
  at Unity.VisualScripting.VSUsageUtility.DoInitializeOnLoadCalls () [0x00034] in .\Library\PackageCache\com.unity.visualscripting@1.9.2\Editor\VisualScripting.Core\Utilities\VSUsageUtility.cs:76 
  at Unity.VisualScripting.VSUsageUtility.set_isVisualScriptingUsed (System.Boolean value) [0x0002c] in .\Library\PackageCache\com.unity.visualscripting@1.9.2\Editor\VisualScripting.Core\Utilities\VSUsageUtility.cs:114 
  at Unity.VisualScripting.VSUsageUtility.CheckAndSetIsVisualScriptingUsed () [0x00032] in .\Library\PackageCache\com.unity.visualscripting@1.9.2\Editor\VisualScripting.Core\Utilities\VSUsageUtility.cs:48 
  at Unity.VisualScripting.VSUsageUtility..cctor () [0x00000] in .\Library\PackageCache\com.unity.visualscripting@1.9.2\Editor\VisualScripting.Core\Utilities\VSUsageUtility.cs:22 
UnityEngine.StackTraceUtility:ExtractStackTrace ()
UnityEngine.DebugLogHandler:LogFormat (UnityEngine.LogType,UnityEngine.Object,string,object[])
UnityEngine.Logger:Log (UnityEngine.LogType,object)
UnityEngine.Debug:LogError (object)
UnityEditor.EditorAssemblies:ProcessInitializeOnLoadAttributes (System.Type[])

Package Manager log level set to [2]
[Package Manager] Server::EnsureServerProcessIsRunning -- launch failed, reason: Unity was launched with the -noUpm command-line argument
[Package Manager] UpmClient::Send -- Unable to send message (not connected to UPM process).
[Package Manager] Cannot connect to Unity Package Manager local server
Mono: successfully reloaded assembly
- Finished resetting the current domain, in  0.777 seconds
Domain Reload Profiling: 1284ms
	BeginReloadAssembly (125ms)
		ExecutionOrderSort (0ms)
		DisableScriptedObjects (4ms)
		BackupInstance (0ms)
		ReleaseScriptingObjects (0ms)
		CreateAndSetChildDomain (18ms)
	RebuildCommonClasses (29ms)
	RebuildNativeTypeToScriptingClass (7ms)
	initialDomainReloadingComplete (34ms)
	LoadAllAssembliesAndSetupDomain (311ms)
		LoadAssemblies (253ms)
		RebuildTransferFunctionScriptingTraits (0ms)
		AnalyzeDomain (134ms)
			TypeCache.Refresh (117ms)
				TypeCache.ScanAssembly (106ms)
			ScanForSourceGeneratedMonoScriptInfo (12ms)
			ResolveRequiredComponents (4ms)
	FinalizeReload (778ms)
		ReleaseScriptCaches (0ms)
		RebuildScriptCaches (0ms)
		SetupLoadedEditorAssemblies (664ms)
			LogAssemblyErrors (0ms)
			InitializePlatformSupportModulesInManaged (4ms)
			SetLoadedEditorAssemblies (4ms)
			RefreshPlugins (0ms)
			BeforeProcessingInitializeOnLoad (54ms)
			ProcessInitializeOnLoadAttributes (581ms)
			ProcessInitializeOnLoadMethodAttributes (15ms)
			AfterProcessingInitializeOnLoad (5ms)
			EditorAssembliesLoaded (0ms)
		ExecutionOrderSort2 (0ms)
		AwakeInstancesAfterBackupRestoration (5ms)
Launched and connected shader compiler UnityShaderCompiler.exe after 0.03 seconds
Refreshing native plugins compatible for Editor in 15.15 ms, found 5 plugins.
Preloading 0 native plugins for Editor in 0.00 ms.
Unloading 3288 Unused Serialized files (Serialized files now loaded: 0)
Unloading 98 unused Assets / (94.1 KB). Loaded Objects now: 3712.
Memory consumption went from 139.4 MB to 139.3 MB.
Total: 12.376200 ms (FindLiveObjects: 0.212300 ms CreateObjectMapping: 0.117200 ms MarkObjects: 11.870900 ms  DeleteObjects: 0.174500 ms)

AssetImportParameters requested are different than current active one (requested -> active):
  custom:container-demuxer-ogg: 62fdf1f143b41e24485cea50d1cbac27 -> 
  custom:video-codec-MediaFoundation-h265: 746d11721c4dcdbdad8f713fa42b33f4 -> 
  custom:video-decoder-ogg-theora: a1e56fd34408186e4bbccfd4996cb3dc -> 
  custom:framework-win-MediaFoundation: 216162199b28c13a410421893ffa2e32 -> 
  custom:CustomObjectIndexerAttribute: 9a22284fe3817be447336de3de66b15e -> 
  custom:container-demuxer-webm: 4f35f7cbe854078d1ac9338744f61a02 -> 
  custom:container-muxer-webm: aa71ff27fc2769a1b78a27578f13a17b -> 
  custom:video-decoder-webm-vp8: 9c59270c3fd7afecdb556c50c9e8de78 -> 
  custom:SearchIndexIgnoredProperties: e643bd26f0fe6173181afceb89e7c659 -> 
  custom:AudioImporter_EditorPlatform: d09bf68614088b80899f8185d706f6e7 -> 
  custom:video-encoder-webm-vp8: eb34c28f22e8b96e1ab97ce403110664 -> 
  custom:audio-decoder-ogg-vorbis: bf7c407c2cedff20999df2af8eb42d56 -> 
  custom:audio-encoder-webm-vorbis: bf7c407c2cedff20999df2af8eb42d56 -> 
========================================================================
Received Import Request.
  Time since last request: 7202.687990 seconds.
  path: Assets/Scripts/Doors_new.cs
  artifactKey: Guid(490794474ac0985489e3e8c0aa776db3) Importer(815301076,1909f56bfc062723c751e8b465ee728b)
Start importing Assets/Scripts/Doors_new.cs using Guid(490794474ac0985489e3e8c0aa776db3) Importer(815301076,1909f56bfc062723c751e8b465ee728b)  -> (artifact id: '57b3237cf2039689f4c14d6efa88675e') in 0.002765 seconds
Number of updated asset objects reloaded before import = 0
Number of asset objects unloaded after import = 0
========================================================================
Received Import Request.
  Time since last request: 907.201391 seconds.
  path: Assets/FantasyEnvironments/Environments/Ambient-Occlusion-Trees/Prefabs/Birch_tree2.prefab
  artifactKey: Guid(5219ccfa3b129f645bfb105ac244e8f5) Importer(815301076,1909f56bfc062723c751e8b465ee728b)
Start importing Assets/FantasyEnvironments/Environments/Ambient-Occlusion-Trees/Prefabs/Birch_tree2.prefab using Guid(5219ccfa3b129f645bfb105ac244e8f5) Importer(815301076,1909f56bfc062723c751e8b465ee728b)  -> (artifact id: '0293e2bacdfaeb880ad33ee80b46333a') in 0.146404 seconds
Number of updated asset objects reloaded before import = 0
Number of asset objects unloaded after import = 12
========================================================================
Received Import Request.
  Time since last request: 0.000017 seconds.
  path: Assets/FantasyEnvironments/Environments/Town/Prefabs/Food_spoon.prefab
  artifactKey: Guid(e3d6d39d39579f347a50ef63dae12627) Importer(815301076,1909f56bfc062723c751e8b465ee728b)
Start importing Assets/FantasyEnvironments/Environments/Town/Prefabs/Food_spoon.prefab using Guid(e3d6d39d39579f347a50ef63dae12627) Importer(815301076,1909f56bfc062723c751e8b465ee728b)  -> (artifact id: 'c46576202b5459315a8ffd58ce426f1d') in 0.021463 seconds
Number of updated asset objects reloaded before import = 0
Number of asset objects unloaded after import = 9
========================================================================
Received Import Request.
  Time since last request: 0.000028 seconds.
  path: Assets/FantasyEnvironments/Environments/Town/Prefabs/Food_bottle5.prefab
  artifactKey: Guid(1bbaa2b4e9f38f247a679a48e7119852) Importer(815301076,1909f56bfc062723c751e8b465ee728b)
Start importing Assets/FantasyEnvironments/Environments/Town/Prefabs/Food_bottle5.prefab using Guid(1bbaa2b4e9f38f247a679a48e7119852) Importer(815301076,1909f56bfc062723c751e8b465ee728b)  -> (artifact id: 'adeff2eb52788b66d87ba6fe8e62da52') in 0.022652 seconds
Number of updated asset objects reloaded before import = 0
Number of asset objects unloaded after import = 9
========================================================================
Received Import Request.
  Time since last request: 0.000015 seconds.
  path: Assets/FantasyEnvironments/Environments/Prefabs/Fireplace.prefab
  artifactKey: Guid(63346a7448404644da8be8ff0a98a82b) Importer(815301076,1909f56bfc062723c751e8b465ee728b)
Start importing Assets/FantasyEnvironments/Environments/Prefabs/Fireplace.prefab using Guid(63346a7448404644da8be8ff0a98a82b) Importer(815301076,1909f56bfc062723c751e8b465ee728b)  -> (artifact id: '8f7a20d5ca05308a565d6609b08673bd') in 0.030050 seconds
Number of updated asset objects reloaded before import = 0
Number of asset objects unloaded after import = 7
========================================================================
Received Import Request.
  Time since last request: 0.000014 seconds.
  path: Assets/FantasyEnvironments/Environments/Town/Prefabs/Food_plate.prefab
  artifactKey: Guid(164e013af606b25439031b34bc805fb2) Importer(815301076,1909f56bfc062723c751e8b465ee728b)
Start importing Assets/FantasyEnvironments/Environments/Town/Prefabs/Food_plate.prefab using Guid(164e013af606b25439031b34bc805fb2) Importer(815301076,1909f56bfc062723c751e8b465ee728b)  -> (artifact id: '05be30d5cc9d47fb17a3b5d8c972f8f0') in 0.010116 seconds
Number of updated asset objects reloaded before import = 0
Number of asset objects unloaded after import = 9
========================================================================
Received Import Request.
  Time since last request: 0.000017 seconds.
  path: Assets/FantasyEnvironments/Environments/Prefabs/Flower6.prefab
  artifactKey: Guid(0b6bd30c5d303194db3c59feae69ab39) Importer(815301076,1909f56bfc062723c751e8b465ee728b)
Start importing Assets/FantasyEnvironments/Environments/Prefabs/Flower6.prefab using Guid(0b6bd30c5d303194db3c59feae69ab39) Importer(815301076,1909f56bfc062723c751e8b465ee728b)  -> (artifact id: 'eb14278ed47ec72e48b1f16404b48d66') in 0.023349 seconds
Number of updated asset objects reloaded before import = 0
Number of asset objects unloaded after import = 16
========================================================================
Received Import Request.
  Time since last request: 0.000015 seconds.
  path: Assets/FantasyEnvironments/Environments/Ambient-Occlusion-Trees/Prefabs/Birch_tree3.prefab
  artifactKey: Guid(41282c525de09854e95ed5d9f9c17fb5) Importer(815301076,1909f56bfc062723c751e8b465ee728b)
Start importing Assets/FantasyEnvironments/Environments/Ambient-Occlusion-Trees/Prefabs/Birch_tree3.prefab using Guid(41282c525de09854e95ed5d9f9c17fb5) Importer(815301076,1909f56bfc062723c751e8b465ee728b)  -> (artifact id: 'ceeef2ea2ea35d6dbafd9ffe0e6d961b') in 0.018972 seconds
Number of updated asset objects reloaded before import = 0
Number of asset objects unloaded after import = 12
========================================================================
Received Import Request.
  Time since last request: 0.000015 seconds.
  path: Assets/FantasyEnvironments/Environments/Town/Prefabs/Food_bottle3.prefab
  artifactKey: Guid(16e3c3a966aa840439bfe8f3d4b9b2d5) Importer(815301076,1909f56bfc062723c751e8b465ee728b)
Start importing Assets/FantasyEnvironments/Environments/Town/Prefabs/Food_bottle3.prefab using Guid(16e3c3a966aa840439bfe8f3d4b9b2d5) Importer(815301076,1909f56bfc062723c751e8b465ee728b)  -> (artifact id: '46516d04a6cabe48dc97427c5479e098') in 0.019923 seconds
Number of updated asset objects reloaded before import = 0
Number of asset objects unloaded after import = 9
========================================================================
Received Import Request.
  Time since last request: 0.000016 seconds.
  path: Assets/FantasyEnvironments/Environments/Town/Prefabs/Food_pie.prefab
  artifactKey: Guid(5e37f2527168a124bb04323a0011992d) Importer(815301076,1909f56bfc062723c751e8b465ee728b)
Start importing Assets/FantasyEnvironments/Environments/Town/Prefabs/Food_pie.prefab using Guid(5e37f2527168a124bb04323a0011992d) Importer(815301076,1909f56bfc062723c751e8b465ee728b)  -> (artifact id: '1c8d0734a90db2f78ff163438c6795b3') in 0.020336 seconds
Number of updated asset objects reloaded before import = 0
Number of asset objects unloaded after import = 9
========================================================================
Received Import Request.
  Time since last request: 0.000013 seconds.
  path: Assets/FantasyEnvironments/Environments/Prefabs/Plant5.prefab
  artifactKey: Guid(0e418186bde4c6d4ab2d787c4e5346db) Importer(815301076,1909f56bfc062723c751e8b465ee728b)
Start importing Assets/FantasyEnvironments/Environments/Prefabs/Plant5.prefab using Guid(0e418186bde4c6d4ab2d787c4e5346db) Importer(815301076,1909f56bfc062723c751e8b465ee728b)  -> (artifact id: 'bcc464590ffb50b77658558a0bf3f7aa') in 0.023789 seconds
Number of updated asset objects reloaded before import = 0
Number of asset objects unloaded after import = 16
========================================================================
Received Import Request.
  Time since last request: 0.000013 seconds.
  path: Assets/FantasyEnvironments/Environments/Prefabs/Fireplace_2.prefab
  artifactKey: Guid(a5e752d414ae2684897ff03afa939497) Importer(815301076,1909f56bfc062723c751e8b465ee728b)
Start importing Assets/FantasyEnvironments/Environments/Prefabs/Fireplace_2.prefab using Guid(a5e752d414ae2684897ff03afa939497) Importer(815301076,1909f56bfc062723c751e8b465ee728b)  -> (artifact id: '6ce3404bfa72b59afd866db6cc0554d7') in 0.008317 seconds
Number of updated asset objects reloaded before import = 0
Number of asset objects unloaded after import = 6
========================================================================
Received Import Request.
  Time since last request: 0.000013 seconds.
  path: Assets/FantasyEnvironments/Environments/Town/Prefabs/Furniture_chair2.prefab
  artifactKey: Guid(1ff4556f964b9f0448c031a10afabb46) Importer(815301076,1909f56bfc062723c751e8b465ee728b)
Start importing Assets/FantasyEnvironments/Environments/Town/Prefabs/Furniture_chair2.prefab using Guid(1ff4556f964b9f0448c031a10afabb46) Importer(815301076,1909f56bfc062723c751e8b465ee728b)  -> (artifact id: 'ec500c09f3f638dd61eb80a255d6a44a') in 0.012267 seconds
Number of updated asset objects reloaded before import = 0
Number of asset objects unloaded after import = 10
========================================================================
Received Import Request.
  Time since last request: 0.000015 seconds.
  path: Assets/FantasyEnvironments/Environments/Town/Prefabs/Furniture_tablecloth_small.prefab
  artifactKey: Guid(ea4f3b07c0efeb24ca3ef28e4e64fcdc) Importer(815301076,1909f56bfc062723c751e8b465ee728b)
Start importing Assets/FantasyEnvironments/Environments/Town/Prefabs/Furniture_tablecloth_small.prefab using Guid(ea4f3b07c0efeb24ca3ef28e4e64fcdc) Importer(815301076,1909f56bfc062723c751e8b465ee728b)  -> (artifact id: 'e80983470516ab1016c7a77fea9d7817') in 0.017513 seconds
Number of updated asset objects reloaded before import = 0
Number of asset objects unloaded after import = 10
========================================================================
Received Import Request.
  Time since last request: 0.000015 seconds.
  path: Assets/FantasyEnvironments/Environments/Town/Prefabs/cart4.prefab
  artifactKey: Guid(0edbfd697bd8266428ec1d0eddf36e5f) Importer(815301076,1909f56bfc062723c751e8b465ee728b)
Start importing Assets/FantasyEnvironments/Environments/Town/Prefabs/cart4.prefab using Guid(0edbfd697bd8266428ec1d0eddf36e5f) Importer(815301076,1909f56bfc062723c751e8b465ee728b)  -> (artifact id: '0c0b6dedb13cd7f8d409352c7f853567') in 0.018306 seconds
Number of updated asset objects reloaded before import = 0
Number of asset objects unloaded after import = 23
========================================================================
Received Import Request.
  Time since last request: 0.000028 seconds.
  path: Assets/FantasyEnvironments/Environments/Ambient-Occlusion-Trees/Prefabs/Deciduous_tree3.prefab
  artifactKey: Guid(f68e891b21d164a4bbe322e20e50633b) Importer(815301076,1909f56bfc062723c751e8b465ee728b)
Start importing Assets/FantasyEnvironments/Environments/Ambient-Occlusion-Trees/Prefabs/Deciduous_tree3.prefab using Guid(f68e891b21d164a4bbe322e20e50633b) Importer(815301076,1909f56bfc062723c751e8b465ee728b)  -> (artifact id: '23a871ee4a57c08b3e6776456efd5762') in 0.028601 seconds
Number of updated asset objects reloaded before import = 0
Number of asset objects unloaded after import = 12
========================================================================
Received Import Request.
  Time since last request: 0.000011 seconds.
  path: Assets/FantasyEnvironments/Environments/Town/Prefabs/Furniture_scrolls.prefab
  artifactKey: Guid(73cf5aad55823ba4bb9a9dcfc994360a) Importer(815301076,1909f56bfc062723c751e8b465ee728b)
Start importing Assets/FantasyEnvironments/Environments/Town/Prefabs/Furniture_scrolls.prefab using Guid(73cf5aad55823ba4bb9a9dcfc994360a) Importer(815301076,1909f56bfc062723c751e8b465ee728b)  -> (artifact id: '1bf7de35f3b1d912275ee443d9dca0ca') in 0.024774 seconds
Number of updated asset objects reloaded before import = 0
Number of asset objects unloaded after import = 9
========================================================================
Received Import Request.
  Time since last request: 0.000012 seconds.
  path: Assets/FantasyEnvironments/Environments/Town/Prefabs/Food_bottle4.prefab
  artifactKey: Guid(72b88d1023c0ad847af2e3eeec4b7d5d) Importer(815301076,1909f56bfc062723c751e8b465ee728b)
Start importing Assets/FantasyEnvironments/Environments/Town/Prefabs/Food_bottle4.prefab using Guid(72b88d1023c0ad847af2e3eeec4b7d5d) Importer(815301076,1909f56bfc062723c751e8b465ee728b)  -> (artifact id: 'f4abe2a8b02bf96b7f57b8cefbbb328b') in 0.008916 seconds
Number of updated asset objects reloaded before import = 0
Number of asset objects unloaded after import = 9
========================================================================
Received Import Request.
  Time since last request: 0.000013 seconds.
  path: Assets/FantasyEnvironments/Environments/Ambient-Occlusion-Trees/Prefabs/Oak_tree3.prefab
  artifactKey: Guid(deb3021f729059242af2e33c46ab5dfb) Importer(815301076,1909f56bfc062723c751e8b465ee728b)
Start importing Assets/FantasyEnvironments/Environments/Ambient-Occlusion-Trees/Prefabs/Oak_tree3.prefab using Guid(deb3021f729059242af2e33c46ab5dfb) Importer(815301076,1909f56bfc062723c751e8b465ee728b)  -> (artifact id: 'f17be944242bd0b74f454a66ca8a0b54') in 0.015711 seconds
Number of updated asset objects reloaded before import = 0
Number of asset objects unloaded after import = 12
========================================================================
Received Import Request.
  Time since last request: 0.000013 seconds.
  path: Assets/FantasyEnvironments/Environments/Town/Prefabs/Furniture_chair3.prefab
  artifactKey: Guid(cecfc534c2fbbe44f9042b26f8ccb565) Importer(815301076,1909f56bfc062723c751e8b465ee728b)
Start importing Assets/FantasyEnvironments/Environments/Town/Prefabs/Furniture_chair3.prefab using Guid(cecfc534c2fbbe44f9042b26f8ccb565) Importer(815301076,1909f56bfc062723c751e8b465ee728b)  -> (artifact id: '267f4a5df134fe22d9c206b8b0c2ee91') in 0.029803 seconds
Number of updated asset objects reloaded before import = 0
Number of asset objects unloaded after import = 10
========================================================================
Received Import Request.
  Time since last request: 0.000013 seconds.
  path: Assets/FantasyEnvironments/Environments/Town/Prefabs/Furniture_cupboard2.prefab
  artifactKey: Guid(f5da0f5d225da7645be765ddffbcb0c6) Importer(815301076,1909f56bfc062723c751e8b465ee728b)
Start importing Assets/FantasyEnvironments/Environments/Town/Prefabs/Furniture_cupboard2.prefab using Guid(f5da0f5d225da7645be765ddffbcb0c6) Importer(815301076,1909f56bfc062723c751e8b465ee728b)  -> (artifact id: '4155f088ef643a64d19eb817f4ff4826') in 0.007590 seconds
Number of updated asset objects reloaded before import = 0
Number of asset objects unloaded after import = 10
========================================================================
Received Import Request.
  Time since last request: 0.000016 seconds.
  path: Assets/FantasyEnvironments/Environments/Town/Prefabs/Furniture_elixir3.prefab
  artifactKey: Guid(789d37e00975295428b2c0a115bb1294) Importer(815301076,1909f56bfc062723c751e8b465ee728b)
Start importing Assets/FantasyEnvironments/Environments/Town/Prefabs/Furniture_elixir3.prefab using Guid(789d37e00975295428b2c0a115bb1294) Importer(815301076,1909f56bfc062723c751e8b465ee728b)  -> (artifact id: '5d31909a582905d4a0a729dd67a3ee43') in 0.006312 seconds
Number of updated asset objects reloaded before import = 0
Number of asset objects unloaded after import = 9
========================================================================
Received Import Request.
  Time since last request: 0.000013 seconds.
  path: Assets/FantasyEnvironments/Environments/Prefabs/Flower2.prefab
  artifactKey: Guid(91367e40ea3f3ad4a90bbf1e7a32d9d1) Importer(815301076,1909f56bfc062723c751e8b465ee728b)
Start importing Assets/FantasyEnvironments/Environments/Prefabs/Flower2.prefab using Guid(91367e40ea3f3ad4a90bbf1e7a32d9d1) Importer(815301076,1909f56bfc062723c751e8b465ee728b)  -> (artifact id: 'a55b271fb9c580eb82e2085cd0f681c4') in 0.008057 seconds
Number of updated asset objects reloaded before import = 0
Number of asset objects unloaded after import = 16
========================================================================
Received Import Request.
  Time since last request: 0.000013 seconds.
  path: Assets/FantasyEnvironments/Environments/Prefabs/Plant3.prefab
  artifactKey: Guid(d795a570d77409c4e8f64d728f66a677) Importer(815301076,1909f56bfc062723c751e8b465ee728b)
Start importing Assets/FantasyEnvironments/Environments/Prefabs/Plant3.prefab using Guid(d795a570d77409c4e8f64d728f66a677) Importer(815301076,1909f56bfc062723c751e8b465ee728b)  -> (artifact id: 'd0e1f3d7f200e8fd1420cd19166609c5') in 0.015802 seconds
Number of updated asset objects reloaded before import = 0
Number of asset objects unloaded after import = 16
========================================================================
Received Import Request.
  Time since last request: 0.000019 seconds.
  path: Assets/FantasyEnvironments/Environments/Ambient-Occlusion-Trees/Prefabs/Pine_tree3.prefab
  artifactKey: Guid(4d9135c56f306e14baa814f13d1a1193) Importer(815301076,1909f56bfc062723c751e8b465ee728b)
Start importing Assets/FantasyEnvironments/Environments/Ambient-Occlusion-Trees/Prefabs/Pine_tree3.prefab using Guid(4d9135c56f306e14baa814f13d1a1193) Importer(815301076,1909f56bfc062723c751e8b465ee728b)  -> (artifact id: 'c90204d3895947ada7cf1ba5f57fe420') in 0.010261 seconds
Number of updated asset objects reloaded before import = 0
Number of asset objects unloaded after import = 12
========================================================================
Received Import Request.
  Time since last request: 0.000023 seconds.
  path: Assets/FantasyEnvironments/Environments/Prefabs/Rock1.prefab
  artifactKey: Guid(c07f24e35f07ce74ba43afa35d48adf7) Importer(815301076,1909f56bfc062723c751e8b465ee728b)
Start importing Assets/FantasyEnvironments/Environments/Prefabs/Rock1.prefab using Guid(c07f24e35f07ce74ba43afa35d48adf7) Importer(815301076,1909f56bfc062723c751e8b465ee728b)  -> (artifact id: '587ac7f5c0c3975565bb782ba44aa7a5') in 0.011376 seconds
Number of updated asset objects reloaded before import = 0
Number of asset objects unloaded after import = 10
========================================================================
Received Import Request.
  Time since last request: 0.000021 seconds.
  path: Assets/FantasyEnvironments/Environments/Ambient-Occlusion-Trees/Prefabs/Oak_tree1.prefab
  artifactKey: Guid(9da14cd80e3d72b4c8501e9acc6740f3) Importer(815301076,1909f56bfc062723c751e8b465ee728b)
Start importing Assets/FantasyEnvironments/Environments/Ambient-Occlusion-Trees/Prefabs/Oak_tree1.prefab using Guid(9da14cd80e3d72b4c8501e9acc6740f3) Importer(815301076,1909f56bfc062723c751e8b465ee728b)  -> (artifact id: '22eb9a9eb7a3877b11940e868fd33e9a') in 0.012985 seconds
Number of updated asset objects reloaded before import = 0
Number of asset objects unloaded after import = 12
========================================================================
Received Import Request.
  Time since last request: 0.000018 seconds.
  path: Assets/FantasyEnvironments/Environments/Prefabs/Rock3.prefab
  artifactKey: Guid(94a3318e328358d4095f16b054b14180) Importer(815301076,1909f56bfc062723c751e8b465ee728b)
Start importing Assets/FantasyEnvironments/Environments/Prefabs/Rock3.prefab using Guid(94a3318e328358d4095f16b054b14180) Importer(815301076,1909f56bfc062723c751e8b465ee728b)  -> (artifact id: '0b0eba576a1ea4fbcd2699a57644499a') in 0.016801 seconds
Number of updated asset objects reloaded before import = 0
Number of asset objects unloaded after import = 10
========================================================================
Received Import Request.
  Time since last request: 0.000017 seconds.
  path: Assets/FantasyEnvironments/Environments/Town/Prefabs/Food_cup1.prefab
  artifactKey: Guid(10a31ba8783d590419d60e1a150a90d9) Importer(815301076,1909f56bfc062723c751e8b465ee728b)
Start importing Assets/FantasyEnvironments/Environments/Town/Prefabs/Food_cup1.prefab using Guid(10a31ba8783d590419d60e1a150a90d9) Importer(815301076,1909f56bfc062723c751e8b465ee728b)  -> (artifact id: '0db77ffe9f5384bbc1d0907d6a47fd38') in 0.010963 seconds
Number of updated asset objects reloaded before import = 0
Number of asset objects unloaded after import = 9
========================================================================
Received Import Request.
  Time since last request: 0.000026 seconds.
  path: Assets/FantasyEnvironments/Environments/Prefabs/Flower7.prefab
  artifactKey: Guid(7f72c76c87dff5149967072a8aabddef) Importer(815301076,1909f56bfc062723c751e8b465ee728b)
Start importing Assets/FantasyEnvironments/Environments/Prefabs/Flower7.prefab using Guid(7f72c76c87dff5149967072a8aabddef) Importer(815301076,1909f56bfc062723c751e8b465ee728b)  -> (artifact id: 'd622902a3ef38d96ed3407496cc2d0f3') in 0.011550 seconds
Number of updated asset objects reloaded before import = 0
Number of asset objects unloaded after import = 16
========================================================================
Received Import Request.
  Time since last request: 0.000038 seconds.
  path: Assets/FantasyEnvironments/Environments/Prefabs/Rock2.prefab
  artifactKey: Guid(86263e8355f96ba4ab9fdf4e96c2090f) Importer(815301076,1909f56bfc062723c751e8b465ee728b)
Start importing Assets/FantasyEnvironments/Environments/Prefabs/Rock2.prefab using Guid(86263e8355f96ba4ab9fdf4e96c2090f) Importer(815301076,1909f56bfc062723c751e8b465ee728b)  -> (artifact id: '36302b8f76e6a01d66a6b23dc58e8bf9') in 0.015048 seconds
Number of updated asset objects reloaded before import = 0
Number of asset objects unloaded after import = 10
========================================================================
Received Import Request.
  Time since last request: 0.000018 seconds.
  path: Assets/FantasyEnvironments/Environments/Town/Prefabs/Furniture_candlestick1.prefab
  artifactKey: Guid(e965607d197150b43a6dabdf25ed1ac5) Importer(815301076,1909f56bfc062723c751e8b465ee728b)
Start importing Assets/FantasyEnvironments/Environments/Town/Prefabs/Furniture_candlestick1.prefab using Guid(e965607d197150b43a6dabdf25ed1ac5) Importer(815301076,1909f56bfc062723c751e8b465ee728b)  -> (artifact id: '3988097050e48c0f684c2dff6ab693c5') in 0.013549 seconds
Number of updated asset objects reloaded before import = 0
Number of asset objects unloaded after import = 15
========================================================================
Received Import Request.
  Time since last request: 0.000019 seconds.
  path: Assets/FantasyEnvironments/Environments/Town/Prefabs/Furniture_table_round.prefab
  artifactKey: Guid(c52f5c6f08ce3b54e9d7300b6225a312) Importer(815301076,1909f56bfc062723c751e8b465ee728b)
Start importing Assets/FantasyEnvironments/Environments/Town/Prefabs/Furniture_table_round.prefab using Guid(c52f5c6f08ce3b54e9d7300b6225a312) Importer(815301076,1909f56bfc062723c751e8b465ee728b)  -> (artifact id: '8d9a9606b9a888ea68b1ac223173cd4c') in 0.009230 seconds
Number of updated asset objects reloaded before import = 0
Number of asset objects unloaded after import = 11
========================================================================
Received Import Request.
  Time since last request: 0.000014 seconds.
  path: Assets/FantasyEnvironments/Environments/Town/Prefabs/Food_apple.prefab
  artifactKey: Guid(5457bf12f504dff458b81b32e398fc77) Importer(815301076,1909f56bfc062723c751e8b465ee728b)
Start importing Assets/FantasyEnvironments/Environments/Town/Prefabs/Food_apple.prefab using Guid(5457bf12f504dff458b81b32e398fc77) Importer(815301076,1909f56bfc062723c751e8b465ee728b)  -> (artifact id: '3fbbe013cc1437dd48a166813420186e') in 0.010222 seconds
Number of updated asset objects reloaded before import = 0
Number of asset objects unloaded after import = 9
========================================================================
Received Import Request.
  Time since last request: 0.000019 seconds.
  path: Assets/FantasyEnvironments/Environments/Town/Prefabs/Furniture_tablecloth.prefab
  artifactKey: Guid(dc5d119be17e64146add7deca74e5ea3) Importer(815301076,1909f56bfc062723c751e8b465ee728b)
Start importing Assets/FantasyEnvironments/Environments/Town/Prefabs/Furniture_tablecloth.prefab using Guid(dc5d119be17e64146add7deca74e5ea3) Importer(815301076,1909f56bfc062723c751e8b465ee728b)  -> (artifact id: 'd5f5f1a3b10c1674caa71da8de09142a') in 0.010730 seconds
Number of updated asset objects reloaded before import = 0
Number of asset objects unloaded after import = 10
========================================================================
Received Import Request.
  Time since last request: 0.000024 seconds.
  path: Assets/FantasyEnvironments/Environments/Prefabs/Plant1.prefab
  artifactKey: Guid(b33ce8376149eb040be6057eed2bd12f) Importer(815301076,1909f56bfc062723c751e8b465ee728b)
Start importing Assets/FantasyEnvironments/Environments/Prefabs/Plant1.prefab using Guid(b33ce8376149eb040be6057eed2bd12f) Importer(815301076,1909f56bfc062723c751e8b465ee728b)  -> (artifact id: '7839cece26e5de2bb608898c977000af') in 0.011338 seconds
Number of updated asset objects reloaded before import = 0
Number of asset objects unloaded after import = 16
========================================================================
Received Import Request.
  Time since last request: 0.000019 seconds.
  path: Assets/FantasyEnvironments/Environments/Town/Prefabs/Food_chicken.prefab
  artifactKey: Guid(12c2885c9d0abc6419d8f0e715bf925a) Importer(815301076,1909f56bfc062723c751e8b465ee728b)
Start importing Assets/FantasyEnvironments/Environments/Town/Prefabs/Food_chicken.prefab using Guid(12c2885c9d0abc6419d8f0e715bf925a) Importer(815301076,1909f56bfc062723c751e8b465ee728b)  -> (artifact id: '617ad25132e8fd0772ed317e65925575') in 0.010481 seconds
Number of updated asset objects reloaded before import = 0
Number of asset objects unloaded after import = 9
========================================================================
Received Import Request.
  Time since last request: 0.000018 seconds.
  path: Assets/FantasyEnvironments/Environments/Prefabs/Fern1.prefab
  artifactKey: Guid(0c7542f3d05c9a4468ea43aec782fdac) Importer(815301076,1909f56bfc062723c751e8b465ee728b)
Start importing Assets/FantasyEnvironments/Environments/Prefabs/Fern1.prefab using Guid(0c7542f3d05c9a4468ea43aec782fdac) Importer(815301076,1909f56bfc062723c751e8b465ee728b)  -> (artifact id: '9e0b5b6bf83b49f447473277ea17e053') in 0.010448 seconds
Number of updated asset objects reloaded before import = 0
Number of asset objects unloaded after import = 16
========================================================================
Received Import Request.
  Time since last request: 0.000014 seconds.
  path: Assets/FantasyEnvironments/Environments/Town/Prefabs/Furniture_chair4.prefab
  artifactKey: Guid(d83e98c017dc464479061248f3af7328) Importer(815301076,1909f56bfc062723c751e8b465ee728b)
Start importing Assets/FantasyEnvironments/Environments/Town/Prefabs/Furniture_chair4.prefab using Guid(d83e98c017dc464479061248f3af7328) Importer(815301076,1909f56bfc062723c751e8b465ee728b)  -> (artifact id: '33ee5eb20b2f278dff3fcece390f6c38') in 0.008531 seconds
Number of updated asset objects reloaded before import = 0
Number of asset objects unloaded after import = 10
========================================================================
Received Import Request.
  Time since last request: 0.000019 seconds.
  path: Assets/FantasyEnvironments/Environments/Prefabs/Flower9.prefab
  artifactKey: Guid(296cd3b7478d68a4eaa772d9fd3ab3ed) Importer(815301076,1909f56bfc062723c751e8b465ee728b)
Start importing Assets/FantasyEnvironments/Environments/Prefabs/Flower9.prefab using Guid(296cd3b7478d68a4eaa772d9fd3ab3ed) Importer(815301076,1909f56bfc062723c751e8b465ee728b)  -> (artifact id: 'e24d0927d417f42b138b9260a85b1a06') in 0.011115 seconds
Number of updated asset objects reloaded before import = 0
Number of asset objects unloaded after import = 16
========================================================================
Received Import Request.
  Time since last request: 0.000019 seconds.
  path: Assets/FantasyEnvironments/Environments/Town/Prefabs/Food_bowler.prefab
  artifactKey: Guid(90c172f4980231b4daaca06abbc3b0d7) Importer(815301076,1909f56bfc062723c751e8b465ee728b)
Start importing Assets/FantasyEnvironments/Environments/Town/Prefabs/Food_bowler.prefab using Guid(90c172f4980231b4daaca06abbc3b0d7) Importer(815301076,1909f56bfc062723c751e8b465ee728b)  -> (artifact id: '1ec27c60c7e95b06deea53be5f199e42') in 0.011753 seconds
Number of updated asset objects reloaded before import = 0
Number of asset objects unloaded after import = 9
========================================================================
Received Import Request.
  Time since last request: 0.000027 seconds.
  path: Assets/FantasyEnvironments/Environments/Town/Prefabs/Furniture_table_small.prefab
  artifactKey: Guid(db9721d709b86e641a1b80d909210f5e) Importer(815301076,1909f56bfc062723c751e8b465ee728b)
Start importing Assets/FantasyEnvironments/Environments/Town/Prefabs/Furniture_table_small.prefab using Guid(db9721d709b86e641a1b80d909210f5e) Importer(815301076,1909f56bfc062723c751e8b465ee728b)  -> (artifact id: '0cec7e2c4e40f38d4a6a2366b8b94a11') in 0.009671 seconds
Number of updated asset objects reloaded before import = 0
Number of asset objects unloaded after import = 10
========================================================================
Received Import Request.
  Time since last request: 0.000013 seconds.
  path: Assets/FantasyEnvironments/Environments/Prefabs/Mushroom3.prefab
  artifactKey: Guid(1ceaf06647257394f8d75a1759c6be00) Importer(815301076,1909f56bfc062723c751e8b465ee728b)
Start importing Assets/FantasyEnvironments/Environments/Prefabs/Mushroom3.prefab using Guid(1ceaf06647257394f8d75a1759c6be00) Importer(815301076,1909f56bfc062723c751e8b465ee728b)  -> (artifact id: '029bb3c94f36c453cfff53d88bc29421') in 0.012279 seconds
Number of updated asset objects reloaded before import = 0
Number of asset objects unloaded after import = 16
========================================================================
Received Import Request.
  Time since last request: 0.000026 seconds.
  path: Assets/FantasyEnvironments/Environments/Town/Prefabs/Furniture_elixir2.prefab
  artifactKey: Guid(ec98e7d8c9e19ac469448b6654f0a782) Importer(815301076,1909f56bfc062723c751e8b465ee728b)
Start importing Assets/FantasyEnvironments/Environments/Town/Prefabs/Furniture_elixir2.prefab using Guid(ec98e7d8c9e19ac469448b6654f0a782) Importer(815301076,1909f56bfc062723c751e8b465ee728b)  -> (artifact id: '00bcbc7929412aa33a316dc34042559a') in 0.010886 seconds
Number of updated asset objects reloaded before import = 0
Number of asset objects unloaded after import = 9
========================================================================
Received Import Request.
  Time since last request: 0.000020 seconds.
  path: Assets/FantasyEnvironments/Environments/Prefabs/Grass2.prefab
  artifactKey: Guid(8e20bb73d6781f047a846b8e13553d15) Importer(815301076,1909f56bfc062723c751e8b465ee728b)
Start importing Assets/FantasyEnvironments/Environments/Prefabs/Grass2.prefab using Guid(8e20bb73d6781f047a846b8e13553d15) Importer(815301076,1909f56bfc062723c751e8b465ee728b)  -> (artifact id: 'd73571c840059ede5d17f2fc164c1e9c') in 0.010832 seconds
Number of updated asset objects reloaded before import = 0
Number of asset objects unloaded after import = 16
========================================================================
Received Import Request.
  Time since last request: 0.000019 seconds.
  path: Assets/FantasyEnvironments/Environments/Prefabs/Flower8.prefab
  artifactKey: Guid(ea732816104f9474d83cbe0dbb7c4258) Importer(815301076,1909f56bfc062723c751e8b465ee728b)
Start importing Assets/FantasyEnvironments/Environments/Prefabs/Flower8.prefab using Guid(ea732816104f9474d83cbe0dbb7c4258) Importer(815301076,1909f56bfc062723c751e8b465ee728b)  -> (artifact id: '494e32d6e365c0d376d72e1b18bb9864') in 0.011274 seconds
Number of updated asset objects reloaded before import = 0
Number of asset objects unloaded after import = 16
========================================================================
Received Import Request.
  Time since last request: 0.000016 seconds.
  path: Assets/FantasyEnvironments/Environments/Town/Prefabs/Food_plate_small.prefab
  artifactKey: Guid(84bb1327598cbb543a77d8564834a7f7) Importer(815301076,1909f56bfc062723c751e8b465ee728b)
Start importing Assets/FantasyEnvironments/Environments/Town/Prefabs/Food_plate_small.prefab using Guid(84bb1327598cbb543a77d8564834a7f7) Importer(815301076,1909f56bfc062723c751e8b465ee728b)  -> (artifact id: '5c65d97e99b9404acdea901c5cb34304') in 0.008922 seconds
Number of updated asset objects reloaded before import = 0
Number of asset objects unloaded after import = 9
========================================================================
Received Import Request.
  Time since last request: 0.000013 seconds.
  path: Assets/FantasyEnvironments/Environments/Town/Prefabs/Furniture_table.prefab
  artifactKey: Guid(38ad5a2f65eba0845aa5440b825b5eb2) Importer(815301076,1909f56bfc062723c751e8b465ee728b)
Start importing Assets/FantasyEnvironments/Environments/Town/Prefabs/Furniture_table.prefab using Guid(38ad5a2f65eba0845aa5440b825b5eb2) Importer(815301076,1909f56bfc062723c751e8b465ee728b)  -> (artifact id: 'b71509d93449a19ffbe3b3f65d19da58') in 0.010690 seconds
Number of updated asset objects reloaded before import = 0
Number of asset objects unloaded after import = 10
========================================================================
Received Import Request.
  Time since last request: 0.000019 seconds.
  path: Assets/FantasyEnvironments/Environments/Prefabs/Fern3.prefab
  artifactKey: Guid(30a878c1d1da97d42a456d77f72cca61) Importer(815301076,1909f56bfc062723c751e8b465ee728b)
Start importing Assets/FantasyEnvironments/Environments/Prefabs/Fern3.prefab using Guid(30a878c1d1da97d42a456d77f72cca61) Importer(815301076,1909f56bfc062723c751e8b465ee728b)  -> (artifact id: '7b948ce02d8df22efd74512c60f2ced6') in 0.011667 seconds
Number of updated asset objects reloaded before import = 0
Number of asset objects unloaded after import = 16
========================================================================
Received Import Request.
  Time since last request: 0.000025 seconds.
  path: Assets/FantasyEnvironments/Environments/Town/Prefabs/Furniture_candlestick3.prefab
  artifactKey: Guid(e0106421787f3c94084963411fa27415) Importer(815301076,1909f56bfc062723c751e8b465ee728b)
Start importing Assets/FantasyEnvironments/Environments/Town/Prefabs/Furniture_candlestick3.prefab using Guid(e0106421787f3c94084963411fa27415) Importer(815301076,1909f56bfc062723c751e8b465ee728b)  -> (artifact id: 'cd40f5556cca158a9358dbfec94230c8') in 0.012010 seconds
Number of updated asset objects reloaded before import = 0
Number of asset objects unloaded after import = 25
========================================================================
Received Import Request.
  Time since last request: 0.000017 seconds.
  path: Assets/FantasyEnvironments/Environments/Prefabs/Mushroom2.prefab
  artifactKey: Guid(4c2012bc51015e8438152a82f7d7dc32) Importer(815301076,1909f56bfc062723c751e8b465ee728b)
Start importing Assets/FantasyEnvironments/Environments/Prefabs/Mushroom2.prefab using Guid(4c2012bc51015e8438152a82f7d7dc32) Importer(815301076,1909f56bfc062723c751e8b465ee728b)  -> (artifact id: '4b21ed531542b2a75732b6b62fda92f9') in 0.011003 seconds
Number of updated asset objects reloaded before import = 0
Number of asset objects unloaded after import = 16
========================================================================
Received Import Request.
  Time since last request: 0.000022 seconds.
  path: Assets/FantasyEnvironments/Environments/Town/Prefabs/Furniture_scroll.prefab
  artifactKey: Guid(77869ebfddd0f8047b4860ea9e5f241e) Importer(815301076,1909f56bfc062723c751e8b465ee728b)
Start importing Assets/FantasyEnvironments/Environments/Town/Prefabs/Furniture_scroll.prefab using Guid(77869ebfddd0f8047b4860ea9e5f241e) Importer(815301076,1909f56bfc062723c751e8b465ee728b)  -> (artifact id: 'b95af3cdd0437bbafa9fa0c7ca914c6a') in 0.009645 seconds
Number of updated asset objects reloaded before import = 0
Number of asset objects unloaded after import = 9
========================================================================
Received Import Request.
  Time since last request: 0.560440 seconds.
  path: Assets/Audio_samples/Bed_1.wav
  artifactKey: Guid(c6e68c0ec78fb8449ae1d6f0c561f53a) Importer(815301076,1909f56bfc062723c751e8b465ee728b)
Start importing Assets/Audio_samples/Bed_1.wav using Guid(c6e68c0ec78fb8449ae1d6f0c561f53a) Importer(815301076,1909f56bfc062723c751e8b465ee728b)  -> (artifact id: 'd209b6ee6edc510c4c182da0775ea8cc') in 0.020632 seconds
Number of updated asset objects reloaded before import = 0
Number of asset objects unloaded after import = 2
========================================================================
Received Import Request.
  Time since last request: 0.000020 seconds.
  path: Assets/Audio_samples/Bed_2.wav
  artifactKey: Guid(c8a3440ec1972394bae365495cd83477) Importer(815301076,1909f56bfc062723c751e8b465ee728b)
Start importing Assets/Audio_samples/Bed_2.wav using Guid(c8a3440ec1972394bae365495cd83477) Importer(815301076,1909f56bfc062723c751e8b465ee728b)  -> (artifact id: '7a5a579d50a1cca6aae35ffed4b07b0b') in 0.005849 seconds
Number of updated asset objects reloaded before import = 0
Number of asset objects unloaded after import = 2
========================================================================
Received Import Request.
  Time since last request: 0.000021 seconds.
  path: Assets/Audio_samples/Door Close 1.wav
  artifactKey: Guid(41633739f52a5de41a3d16e9c282bfb0) Importer(815301076,1909f56bfc062723c751e8b465ee728b)
Start importing Assets/Audio_samples/Door Close 1.wav using Guid(41633739f52a5de41a3d16e9c282bfb0) Importer(815301076,1909f56bfc062723c751e8b465ee728b)  -> (artifact id: '75c29c63d6bdc0888e344e6b6c8c64bd') in 0.005137 seconds
Number of updated asset objects reloaded before import = 0
Number of asset objects unloaded after import = 2
========================================================================
Received Import Request.
  Time since last request: 0.000020 seconds.
  path: Assets/Audio_samples/Fire Burning Loop 03.wav
  artifactKey: Guid(49b87fde402253747a7c7a9ca54c3723) Importer(815301076,1909f56bfc062723c751e8b465ee728b)
Start importing Assets/Audio_samples/Fire Burning Loop 03.wav using Guid(49b87fde402253747a7c7a9ca54c3723) Importer(815301076,1909f56bfc062723c751e8b465ee728b)  -> (artifact id: '3bdf14e5f1d044493965447e1638ce4b') in 0.008776 seconds
Number of updated asset objects reloaded before import = 0
Number of asset objects unloaded after import = 2
